2026-03-09 12:07:55 | PySTA | INFO | logger.py:70 | Logger initialized. Log file: Logs\pysta_2026-03-09_12-07-55.log
2026-03-09 12:08:17 | PySTA.__main__ | INFO | main.py:150 | ============================================================
2026-03-09 12:08:17 | PySTA.__main__ | INFO | main.py:151 | PySTA Starting
2026-03-09 12:08:17 | PySTA.__main__ | INFO | main.py:152 | ============================================================
2026-03-09 12:08:17 | PySTA.__main__ | INFO | main.py:153 | Python version: 3.11.9 (tags/v3.11.9:de54cf5, Apr  2 2024, 10:12:12) [MSC v.1938 64 bit (AMD64)]
2026-03-09 12:08:17 | PySTA.__main__ | INFO | main.py:154 | Log file: Logs\pysta_2026-03-09_12-07-55.log
2026-03-09 12:08:19 | PySTA.Src.utils.config_loader | INFO | config_loader.py:76 | No configuration file found. Using defaults.
2026-03-09 12:08:19 | PySTA.__main__ | INFO | main.py:105 | Configuration loaded: STAConfig(enable_setup=True, enable_hold=True, enable_ocv=False, enable_si=False, enable_derating=False, ocv_derate_data=1.0, ocv_derate_clock=1.0, ocv_derate_early=0.95, ocv_derate_late=1.05, si_aggressor_coupling_threshold=0.1, si_noise_margin=0.2, max_paths_per_clock=10, max_path_depth=100, report_violations_only=False, report_timing_details=True, report_capacitance=True, report_transition=True)
2026-03-09 12:08:19 | PySTA.__main__ | INFO | main.py:158 | Application initialized successfully
2026-03-09 12:08:21 | PySTA.Src.utils.config_loader | INFO | config_loader.py:76 | No configuration file found. Using defaults.
2026-03-09 12:08:21 | PySTA.Src.utils.config_loader | INFO | config_loader.py:76 | No configuration file found. Using defaults.
2026-03-09 12:08:24 | PySTA.Src.gui.main_window | INFO | main_window.py:221 | PySTA main window ready
2026-03-09 12:08:26 | PySTA.__main__ | INFO | main.py:130 | Main window created and displayed
2026-03-09 12:08:54 | PySTA.Src.liberty_parser.liberty_parser | INFO | liberty_parser.py:55 | Parsing Liberty file: C:/Users/CodewithKunal/Documents/fast.lib
2026-03-09 12:08:54 | PySTA.Src.utils.file_utils | DEBUG | file_utils.py:105 | Successfully read C:/Users/CodewithKunal/Documents/fast.lib with utf-8 encoding
2026-03-09 12:08:54 | PySTA.Src.liberty_parser.liberty_parser | DEBUG | liberty_parser.py:347 | Opened group: library at C:\Users\CodewithKunal\Documents\fast.lib:1
2026-03-09 12:08:54 | PySTA.Src.liberty_parser.liberty_parser | DEBUG | liberty_parser.py:374 | Attribute: time_unit = 1ns
2026-03-09 12:08:54 | PySTA.Src.liberty_parser.liberty_parser | DEBUG | liberty_parser.py:374 | Attribute: voltage_unit = 1V
2026-03-09 12:08:54 | PySTA.Src.liberty_parser.liberty_parser | DEBUG | liberty_parser.py:374 | Attribute: current_unit = 1mA
2026-03-09 12:08:54 | PySTA.Src.liberty_parser.liberty_parser | DEBUG | liberty_parser.py:374 | Attribute: pulling_resistance_unit = 1kohm
2026-03-09 12:08:54 | PySTA.Src.liberty_parser.liberty_parser | DEBUG | liberty_parser.py:374 | Attribute: leakage_power_unit = 1nW
2026-03-09 12:08:54 | PySTA.Src.liberty_parser.liberty_parser | DEBUG | liberty_parser.py:374 | Attribute: capacitance_unit = 1pf
2026-03-09 12:08:54 | PySTA.Src.liberty_parser.liberty_parser | DEBUG | liberty_parser.py:374 | Attribute: slew_upper_threshold_pct_rise = 80.0
2026-03-09 12:08:54 | PySTA.Src.liberty_parser.liberty_parser | DEBUG | liberty_parser.py:374 | Attribute: slew_lower_threshold_pct_rise = 20.0
2026-03-09 12:08:54 | PySTA.Src.liberty_parser.liberty_parser | DEBUG | liberty_parser.py:374 | Attribute: slew_upper_threshold_pct_fall = 80.0
2026-03-09 12:08:54 | PySTA.Src.liberty_parser.liberty_parser | DEBUG | liberty_parser.py:374 | Attribute: slew_lower_threshold_pct_fall = 20.0
2026-03-09 12:08:54 | PySTA.Src.liberty_parser.liberty_parser | DEBUG | liberty_parser.py:374 | Attribute: input_threshold_pct_rise = 50.0
2026-03-09 12:08:54 | PySTA.Src.liberty_parser.liberty_parser | DEBUG | liberty_parser.py:374 | Attribute: input_threshold_pct_fall = 50.0
2026-03-09 12:08:54 | PySTA.Src.liberty_parser.liberty_parser | DEBUG | liberty_parser.py:374 | Attribute: output_threshold_pct_rise = 50.0
2026-03-09 12:08:54 | PySTA.Src.liberty_parser.liberty_parser | DEBUG | liberty_parser.py:374 | Attribute: output_threshold_pct_fall = 50.0
2026-03-09 12:08:54 | PySTA.Src.liberty_parser.liberty_parser | DEBUG | liberty_parser.py:322 | Ignoring line: ////////////////////////////////////////////////////////////
2026-03-09 12:08:54 | PySTA.Src.liberty_parser.liberty_parser | DEBUG | liberty_parser.py:322 | Ignoring line: // INV
2026-03-09 12:08:54 | PySTA.Src.liberty_parser.liberty_parser | DEBUG | liberty_parser.py:322 | Ignoring line: ////////////////////////////////////////////////////////////
2026-03-09 12:08:54 | PySTA.Src.liberty_parser.liberty_parser | DEBUG | liberty_parser.py:347 | Opened group: cell at C:\Users\CodewithKunal\Documents\fast.lib:19
2026-03-09 12:08:54 | PySTA.Src.liberty_parser.liberty_parser | DEBUG | liberty_parser.py:374 | Attribute: area = 10
2026-03-09 12:08:54 | PySTA.Src.liberty_parser.liberty_parser | DEBUG | liberty_parser.py:347 | Opened group: pin at C:\Users\CodewithKunal\Documents\fast.lib:21
2026-03-09 12:08:54 | PySTA.Src.liberty_parser.liberty_parser | DEBUG | liberty_parser.py:374 | Attribute: direction = input
2026-03-09 12:08:54 | PySTA.Src.liberty_parser.liberty_parser | DEBUG | liberty_parser.py:374 | Attribute: capacitance = 0.002
2026-03-09 12:08:54 | PySTA.Src.liberty_parser.liberty_parser | DEBUG | liberty_parser.py:374 | Attribute: rise_capacitance = 0.002
2026-03-09 12:08:54 | PySTA.Src.liberty_parser.liberty_parser | DEBUG | liberty_parser.py:374 | Attribute: fall_capacitance = 0.002
2026-03-09 12:08:54 | PySTA.Src.liberty_parser.liberty_parser | DEBUG | liberty_parser.py:366 | Closed group: pin at C:\Users\CodewithKunal\Documents\fast.lib:26
2026-03-09 12:08:54 | PySTA.Src.liberty_parser.liberty_parser | DEBUG | liberty_parser.py:347 | Opened group: pin at C:\Users\CodewithKunal\Documents\fast.lib:27
2026-03-09 12:08:54 | PySTA.Src.liberty_parser.liberty_parser | DEBUG | liberty_parser.py:374 | Attribute: direction = output
2026-03-09 12:08:54 | PySTA.Src.liberty_parser.liberty_parser | DEBUG | liberty_parser.py:374 | Attribute: function = !A
2026-03-09 12:08:54 | PySTA.Src.liberty_parser.liberty_parser | DEBUG | liberty_parser.py:374 | Attribute: power_down_function = !A
2026-03-09 12:08:55 | PySTA.Src.liberty_parser.liberty_parser | DEBUG | liberty_parser.py:347 | Opened group: timing at C:\Users\CodewithKunal\Documents\fast.lib:31
2026-03-09 12:08:55 | PySTA.Src.liberty_parser.liberty_parser | DEBUG | liberty_parser.py:374 | Attribute: related_pin = A
2026-03-09 12:08:55 | PySTA.Src.liberty_parser.liberty_parser | DEBUG | liberty_parser.py:374 | Attribute: timing_sense = negative_unate
2026-03-09 12:08:55 | PySTA.Src.liberty_parser.liberty_parser | DEBUG | liberty_parser.py:395 | Complex attribute: cell_rise
2026-03-09 12:08:55 | PySTA.Src.liberty_parser.liberty_parser | DEBUG | liberty_parser.py:395 | Complex attribute: rise_transition
2026-03-09 12:08:55 | PySTA.Src.liberty_parser.liberty_parser | DEBUG | liberty_parser.py:395 | Complex attribute: cell_fall
2026-03-09 12:08:55 | PySTA.Src.liberty_parser.liberty_parser | DEBUG | liberty_parser.py:395 | Complex attribute: fall_transition
2026-03-09 12:08:55 | PySTA.Src.liberty_parser.liberty_parser | DEBUG | liberty_parser.py:366 | Closed group: timing at C:\Users\CodewithKunal\Documents\fast.lib:38
2026-03-09 12:08:55 | PySTA.Src.liberty_parser.liberty_parser | DEBUG | liberty_parser.py:366 | Closed group: pin at C:\Users\CodewithKunal\Documents\fast.lib:39
2026-03-09 12:08:55 | PySTA.Src.liberty_parser.liberty_parser | DEBUG | liberty_parser.py:360 | Found cell: INV_X1
2026-03-09 12:08:55 | PySTA.Src.liberty_parser.liberty_parser | DEBUG | liberty_parser.py:366 | Closed group: cell at C:\Users\CodewithKunal\Documents\fast.lib:40
2026-03-09 12:08:55 | PySTA.Src.liberty_parser.liberty_parser | DEBUG | liberty_parser.py:322 | Ignoring line: ////////////////////////////////////////////////////////////
2026-03-09 12:08:55 | PySTA.Src.liberty_parser.liberty_parser | DEBUG | liberty_parser.py:322 | Ignoring line: // DFF — With proper timing arcs
2026-03-09 12:08:55 | PySTA.Src.liberty_parser.liberty_parser | DEBUG | liberty_parser.py:322 | Ignoring line: ////////////////////////////////////////////////////////////
2026-03-09 12:08:55 | PySTA.Src.liberty_parser.liberty_parser | DEBUG | liberty_parser.py:347 | Opened group: cell at C:\Users\CodewithKunal\Documents\fast.lib:44
2026-03-09 12:08:55 | PySTA.Src.liberty_parser.liberty_parser | DEBUG | liberty_parser.py:374 | Attribute: area = 50
2026-03-09 12:08:55 | PySTA.Src.liberty_parser.liberty_parser | DEBUG | liberty_parser.py:347 | Opened group: ff at C:\Users\CodewithKunal\Documents\fast.lib:46
2026-03-09 12:08:55 | PySTA.Src.liberty_parser.liberty_parser | DEBUG | liberty_parser.py:374 | Attribute: next_state = D
2026-03-09 12:08:55 | PySTA.Src.liberty_parser.liberty_parser | DEBUG | liberty_parser.py:374 | Attribute: clocked_on = CLK
2026-03-09 12:08:55 | PySTA.Src.liberty_parser.liberty_parser | DEBUG | liberty_parser.py:374 | Attribute: clear = !RST
2026-03-09 12:08:55 | PySTA.Src.liberty_parser.liberty_parser | DEBUG | liberty_parser.py:366 | Closed group: ff at C:\Users\CodewithKunal\Documents\fast.lib:50
2026-03-09 12:08:55 | PySTA.Src.liberty_parser.liberty_parser | DEBUG | liberty_parser.py:347 | Opened group: pin at C:\Users\CodewithKunal\Documents\fast.lib:51
2026-03-09 12:08:55 | PySTA.Src.liberty_parser.liberty_parser | DEBUG | liberty_parser.py:374 | Attribute: direction = input
2026-03-09 12:08:55 | PySTA.Src.liberty_parser.liberty_parser | DEBUG | liberty_parser.py:374 | Attribute: capacitance = 0.004
2026-03-09 12:08:55 | PySTA.Src.liberty_parser.liberty_parser | DEBUG | liberty_parser.py:374 | Attribute: rise_capacitance = 0.004
2026-03-09 12:08:55 | PySTA.Src.liberty_parser.liberty_parser | DEBUG | liberty_parser.py:374 | Attribute: fall_capacitance = 0.004
2026-03-09 12:08:55 | PySTA.Src.liberty_parser.liberty_parser | DEBUG | liberty_parser.py:374 | Attribute: clock = True
2026-03-09 12:08:55 | PySTA.Src.liberty_parser.liberty_parser | DEBUG | liberty_parser.py:366 | Closed group: pin at C:\Users\CodewithKunal\Documents\fast.lib:57
2026-03-09 12:08:55 | PySTA.Src.liberty_parser.liberty_parser | DEBUG | liberty_parser.py:347 | Opened group: pin at C:\Users\CodewithKunal\Documents\fast.lib:58
2026-03-09 12:08:55 | PySTA.Src.liberty_parser.liberty_parser | DEBUG | liberty_parser.py:374 | Attribute: direction = input
2026-03-09 12:08:55 | PySTA.Src.liberty_parser.liberty_parser | DEBUG | liberty_parser.py:374 | Attribute: capacitance = 0.003
2026-03-09 12:08:55 | PySTA.Src.liberty_parser.liberty_parser | DEBUG | liberty_parser.py:374 | Attribute: rise_capacitance = 0.003
2026-03-09 12:08:55 | PySTA.Src.liberty_parser.liberty_parser | DEBUG | liberty_parser.py:374 | Attribute: fall_capacitance = 0.003
2026-03-09 12:08:55 | PySTA.Src.liberty_parser.liberty_parser | DEBUG | liberty_parser.py:347 | Opened group: timing at C:\Users\CodewithKunal\Documents\fast.lib:63
2026-03-09 12:08:55 | PySTA.Src.liberty_parser.liberty_parser | DEBUG | liberty_parser.py:374 | Attribute: related_pin = CLK
2026-03-09 12:08:55 | PySTA.Src.liberty_parser.liberty_parser | DEBUG | liberty_parser.py:374 | Attribute: timing_type = setup_rising
2026-03-09 12:08:55 | PySTA.Src.liberty_parser.liberty_parser | DEBUG | liberty_parser.py:395 | Complex attribute: rise_constraint
2026-03-09 12:08:55 | PySTA.Src.liberty_parser.liberty_parser | DEBUG | liberty_parser.py:395 | Complex attribute: fall_constraint
2026-03-09 12:08:55 | PySTA.Src.liberty_parser.liberty_parser | DEBUG | liberty_parser.py:366 | Closed group: timing at C:\Users\CodewithKunal\Documents\fast.lib:68
2026-03-09 12:08:55 | PySTA.Src.liberty_parser.liberty_parser | DEBUG | liberty_parser.py:347 | Opened group: timing at C:\Users\CodewithKunal\Documents\fast.lib:69
2026-03-09 12:08:55 | PySTA.Src.liberty_parser.liberty_parser | DEBUG | liberty_parser.py:374 | Attribute: related_pin = CLK
2026-03-09 12:08:55 | PySTA.Src.liberty_parser.liberty_parser | DEBUG | liberty_parser.py:374 | Attribute: timing_type = hold_rising
2026-03-09 12:08:55 | PySTA.Src.liberty_parser.liberty_parser | DEBUG | liberty_parser.py:395 | Complex attribute: rise_constraint
2026-03-09 12:08:55 | PySTA.Src.liberty_parser.liberty_parser | DEBUG | liberty_parser.py:395 | Complex attribute: fall_constraint
2026-03-09 12:08:55 | PySTA.Src.liberty_parser.liberty_parser | DEBUG | liberty_parser.py:366 | Closed group: timing at C:\Users\CodewithKunal\Documents\fast.lib:74
2026-03-09 12:08:55 | PySTA.Src.liberty_parser.liberty_parser | DEBUG | liberty_parser.py:366 | Closed group: pin at C:\Users\CodewithKunal\Documents\fast.lib:75
2026-03-09 12:08:55 | PySTA.Src.liberty_parser.liberty_parser | DEBUG | liberty_parser.py:347 | Opened group: pin at C:\Users\CodewithKunal\Documents\fast.lib:76
2026-03-09 12:08:55 | PySTA.Src.liberty_parser.liberty_parser | DEBUG | liberty_parser.py:374 | Attribute: direction = input
2026-03-09 12:08:55 | PySTA.Src.liberty_parser.liberty_parser | DEBUG | liberty_parser.py:374 | Attribute: capacitance = 0.002
2026-03-09 12:08:55 | PySTA.Src.liberty_parser.liberty_parser | DEBUG | liberty_parser.py:374 | Attribute: rise_capacitance = 0.002
2026-03-09 12:08:55 | PySTA.Src.liberty_parser.liberty_parser | DEBUG | liberty_parser.py:374 | Attribute: fall_capacitance = 0.002
2026-03-09 12:08:55 | PySTA.Src.liberty_parser.liberty_parser | DEBUG | liberty_parser.py:366 | Closed group: pin at C:\Users\CodewithKunal\Documents\fast.lib:81
2026-03-09 12:08:55 | PySTA.Src.liberty_parser.liberty_parser | DEBUG | liberty_parser.py:347 | Opened group: pin at C:\Users\CodewithKunal\Documents\fast.lib:82
2026-03-09 12:08:55 | PySTA.Src.liberty_parser.liberty_parser | DEBUG | liberty_parser.py:374 | Attribute: direction = output
2026-03-09 12:08:55 | PySTA.Src.liberty_parser.liberty_parser | DEBUG | liberty_parser.py:374 | Attribute: function = IQ
2026-03-09 12:08:55 | PySTA.Src.liberty_parser.liberty_parser | DEBUG | liberty_parser.py:347 | Opened group: timing at C:\Users\CodewithKunal\Documents\fast.lib:85
2026-03-09 12:08:55 | PySTA.Src.liberty_parser.liberty_parser | DEBUG | liberty_parser.py:374 | Attribute: related_pin = CLK
2026-03-09 12:08:55 | PySTA.Src.liberty_parser.liberty_parser | DEBUG | liberty_parser.py:374 | Attribute: timing_type = rising_edge
2026-03-09 12:08:55 | PySTA.Src.liberty_parser.liberty_parser | DEBUG | liberty_parser.py:395 | Complex attribute: cell_rise
2026-03-09 12:08:55 | PySTA.Src.liberty_parser.liberty_parser | DEBUG | liberty_parser.py:395 | Complex attribute: rise_transition
2026-03-09 12:08:55 | PySTA.Src.liberty_parser.liberty_parser | DEBUG | liberty_parser.py:395 | Complex attribute: cell_fall
2026-03-09 12:08:55 | PySTA.Src.liberty_parser.liberty_parser | DEBUG | liberty_parser.py:395 | Complex attribute: fall_transition
2026-03-09 12:08:55 | PySTA.Src.liberty_parser.liberty_parser | DEBUG | liberty_parser.py:366 | Closed group: timing at C:\Users\CodewithKunal\Documents\fast.lib:92
2026-03-09 12:08:55 | PySTA.Src.liberty_parser.liberty_parser | DEBUG | liberty_parser.py:347 | Opened group: timing at C:\Users\CodewithKunal\Documents\fast.lib:93
2026-03-09 12:08:55 | PySTA.Src.liberty_parser.liberty_parser | DEBUG | liberty_parser.py:374 | Attribute: related_pin = RST
2026-03-09 12:08:55 | PySTA.Src.liberty_parser.liberty_parser | DEBUG | liberty_parser.py:374 | Attribute: timing_type = clear
2026-03-09 12:08:55 | PySTA.Src.liberty_parser.liberty_parser | DEBUG | liberty_parser.py:395 | Complex attribute: cell_rise
2026-03-09 12:08:55 | PySTA.Src.liberty_parser.liberty_parser | DEBUG | liberty_parser.py:395 | Complex attribute: cell_fall
2026-03-09 12:08:55 | PySTA.Src.liberty_parser.liberty_parser | DEBUG | liberty_parser.py:366 | Closed group: timing at C:\Users\CodewithKunal\Documents\fast.lib:98
2026-03-09 12:08:55 | PySTA.Src.liberty_parser.liberty_parser | DEBUG | liberty_parser.py:366 | Closed group: pin at C:\Users\CodewithKunal\Documents\fast.lib:99
2026-03-09 12:08:55 | PySTA.Src.liberty_parser.liberty_parser | DEBUG | liberty_parser.py:360 | Found cell: DFF_X1
2026-03-09 12:08:55 | PySTA.Src.liberty_parser.liberty_parser | DEBUG | liberty_parser.py:366 | Closed group: cell at C:\Users\CodewithKunal\Documents\fast.lib:100
2026-03-09 12:08:55 | PySTA.Src.liberty_parser.liberty_parser | DEBUG | liberty_parser.py:366 | Closed group: library at C:\Users\CodewithKunal\Documents\fast.lib:101
2026-03-09 12:08:55 | PySTA.Src.liberty_parser.liberty_parser | DEBUG | liberty_parser.py:534 | Built 2 cells for library fast
2026-03-09 12:08:55 | PySTA.Src.liberty_parser.timing_arc_extractor | DEBUG | timing_arc_extractor.py:62 | Extracting timing arcs for cell: INV_X1
2026-03-09 12:08:55 | PySTA.Src.liberty_parser.timing_arc_extractor | DEBUG | timing_arc_extractor.py:95 | Extracted 1 timing arcs for cell INV_X1
2026-03-09 12:08:55 | PySTA.Src.liberty_parser.timing_arc_extractor | DEBUG | timing_arc_extractor.py:62 | Extracting timing arcs for cell: DFF_X1
2026-03-09 12:08:55 | PySTA.Src.liberty_parser.timing_arc_extractor | DEBUG | timing_arc_extractor.py:95 | Extracted 4 timing arcs for cell DFF_X1
2026-03-09 12:08:55 | PySTA.Src.liberty_parser.liberty_parser | INFO | liberty_parser.py:88 | Successfully parsed 2 cells from C:/Users/CodewithKunal/Documents/fast.lib
2026-03-09 12:08:55 | PySTA.Src.liberty_parser.liberty_parser | DEBUG | liberty_parser.py:89 | Parse stats: {'cells': 2, 'pins': 6, 'timing_arcs': 5, 'errors': 0, 'warnings': 0}
2026-03-09 12:08:55 | PySTA.Src.liberty_parser.liberty_parser | INFO | liberty_parser.py:55 | Parsing Liberty file: C:/Users/CodewithKunal/Documents/slow.lib
2026-03-09 12:08:55 | PySTA.Src.utils.file_utils | DEBUG | file_utils.py:105 | Successfully read C:/Users/CodewithKunal/Documents/slow.lib with utf-8 encoding
2026-03-09 12:08:55 | PySTA.Src.liberty_parser.liberty_parser | DEBUG | liberty_parser.py:347 | Opened group: library at C:\Users\CodewithKunal\Documents\slow.lib:1
2026-03-09 12:08:55 | PySTA.Src.liberty_parser.liberty_parser | DEBUG | liberty_parser.py:374 | Attribute: time_unit = 1ns
2026-03-09 12:08:55 | PySTA.Src.liberty_parser.liberty_parser | DEBUG | liberty_parser.py:374 | Attribute: capacitance_unit = 1pf
2026-03-09 12:08:55 | PySTA.Src.liberty_parser.liberty_parser | DEBUG | liberty_parser.py:322 | Ignoring line: ////////////////////////////////////////////////////////////
2026-03-09 12:08:55 | PySTA.Src.liberty_parser.liberty_parser | DEBUG | liberty_parser.py:322 | Ignoring line: // INV
2026-03-09 12:08:55 | PySTA.Src.liberty_parser.liberty_parser | DEBUG | liberty_parser.py:322 | Ignoring line: ////////////////////////////////////////////////////////////
2026-03-09 12:08:55 | PySTA.Src.liberty_parser.liberty_parser | DEBUG | liberty_parser.py:347 | Opened group: cell at C:\Users\CodewithKunal\Documents\slow.lib:7
2026-03-09 12:08:55 | PySTA.Src.liberty_parser.liberty_parser | DEBUG | liberty_parser.py:374 | Attribute: pin(A) { direction = input; capacitance : 0.003; }
2026-03-09 12:08:55 | PySTA.Src.liberty_parser.liberty_parser | DEBUG | liberty_parser.py:347 | Opened group: pin at C:\Users\CodewithKunal\Documents\slow.lib:9
2026-03-09 12:08:55 | PySTA.Src.liberty_parser.liberty_parser | DEBUG | liberty_parser.py:374 | Attribute: direction = output
2026-03-09 12:08:55 | PySTA.Src.liberty_parser.liberty_parser | DEBUG | liberty_parser.py:374 | Attribute: function = !A
2026-03-09 12:08:55 | PySTA.Src.liberty_parser.liberty_parser | DEBUG | liberty_parser.py:347 | Opened group: timing at C:\Users\CodewithKunal\Documents\slow.lib:12
2026-03-09 12:08:55 | PySTA.Src.liberty_parser.liberty_parser | DEBUG | liberty_parser.py:374 | Attribute: related_pin = A
2026-03-09 12:08:55 | PySTA.Src.liberty_parser.liberty_parser | DEBUG | liberty_parser.py:395 | Complex attribute: cell_rise
2026-03-09 12:08:55 | PySTA.Src.liberty_parser.liberty_parser | DEBUG | liberty_parser.py:395 | Complex attribute: cell_fall
2026-03-09 12:08:55 | PySTA.Src.liberty_parser.liberty_parser | DEBUG | liberty_parser.py:366 | Closed group: timing at C:\Users\CodewithKunal\Documents\slow.lib:16
2026-03-09 12:08:55 | PySTA.Src.liberty_parser.liberty_parser | DEBUG | liberty_parser.py:366 | Closed group: pin at C:\Users\CodewithKunal\Documents\slow.lib:17
2026-03-09 12:08:55 | PySTA.Src.liberty_parser.liberty_parser | DEBUG | liberty_parser.py:360 | Found cell: INV_X1
2026-03-09 12:08:55 | PySTA.Src.liberty_parser.liberty_parser | DEBUG | liberty_parser.py:366 | Closed group: cell at C:\Users\CodewithKunal\Documents\slow.lib:18
2026-03-09 12:08:55 | PySTA.Src.liberty_parser.liberty_parser | DEBUG | liberty_parser.py:322 | Ignoring line: ////////////////////////////////////////////////////////////
2026-03-09 12:08:55 | PySTA.Src.liberty_parser.liberty_parser | DEBUG | liberty_parser.py:322 | Ignoring line: // CLKBUF
2026-03-09 12:08:55 | PySTA.Src.liberty_parser.liberty_parser | DEBUG | liberty_parser.py:322 | Ignoring line: ////////////////////////////////////////////////////////////
2026-03-09 12:08:55 | PySTA.Src.liberty_parser.liberty_parser | DEBUG | liberty_parser.py:347 | Opened group: cell at C:\Users\CodewithKunal\Documents\slow.lib:22
2026-03-09 12:08:55 | PySTA.Src.liberty_parser.liberty_parser | DEBUG | liberty_parser.py:374 | Attribute: pin(A) { direction = input; capacitance : 0.004; }
2026-03-09 12:08:55 | PySTA.Src.liberty_parser.liberty_parser | DEBUG | liberty_parser.py:347 | Opened group: pin at C:\Users\CodewithKunal\Documents\slow.lib:24
2026-03-09 12:08:55 | PySTA.Src.liberty_parser.liberty_parser | DEBUG | liberty_parser.py:374 | Attribute: direction = output
2026-03-09 12:08:55 | PySTA.Src.liberty_parser.liberty_parser | DEBUG | liberty_parser.py:374 | Attribute: function = A
2026-03-09 12:08:55 | PySTA.Src.liberty_parser.liberty_parser | DEBUG | liberty_parser.py:347 | Opened group: timing at C:\Users\CodewithKunal\Documents\slow.lib:27
2026-03-09 12:08:55 | PySTA.Src.liberty_parser.liberty_parser | DEBUG | liberty_parser.py:374 | Attribute: related_pin = A
2026-03-09 12:08:55 | PySTA.Src.liberty_parser.liberty_parser | DEBUG | liberty_parser.py:395 | Complex attribute: cell_rise
2026-03-09 12:08:55 | PySTA.Src.liberty_parser.liberty_parser | DEBUG | liberty_parser.py:395 | Complex attribute: cell_fall
2026-03-09 12:08:55 | PySTA.Src.liberty_parser.liberty_parser | DEBUG | liberty_parser.py:366 | Closed group: timing at C:\Users\CodewithKunal\Documents\slow.lib:31
2026-03-09 12:08:55 | PySTA.Src.liberty_parser.liberty_parser | DEBUG | liberty_parser.py:366 | Closed group: pin at C:\Users\CodewithKunal\Documents\slow.lib:32
2026-03-09 12:08:55 | PySTA.Src.liberty_parser.liberty_parser | DEBUG | liberty_parser.py:360 | Found cell: CLKBUF_X1
2026-03-09 12:08:55 | PySTA.Src.liberty_parser.liberty_parser | DEBUG | liberty_parser.py:366 | Closed group: cell at C:\Users\CodewithKunal\Documents\slow.lib:33
2026-03-09 12:08:55 | PySTA.Src.liberty_parser.liberty_parser | DEBUG | liberty_parser.py:322 | Ignoring line: ////////////////////////////////////////////////////////////
2026-03-09 12:08:55 | PySTA.Src.liberty_parser.liberty_parser | DEBUG | liberty_parser.py:322 | Ignoring line: // NAND2
2026-03-09 12:08:55 | PySTA.Src.liberty_parser.liberty_parser | DEBUG | liberty_parser.py:322 | Ignoring line: ////////////////////////////////////////////////////////////
2026-03-09 12:08:55 | PySTA.Src.liberty_parser.liberty_parser | DEBUG | liberty_parser.py:347 | Opened group: cell at C:\Users\CodewithKunal\Documents\slow.lib:37
2026-03-09 12:08:55 | PySTA.Src.liberty_parser.liberty_parser | DEBUG | liberty_parser.py:374 | Attribute: pin(A) { direction = input; capacitance : 0.004; }
2026-03-09 12:08:55 | PySTA.Src.liberty_parser.liberty_parser | DEBUG | liberty_parser.py:374 | Attribute: pin(B) { direction = input; capacitance : 0.004; }
2026-03-09 12:08:55 | PySTA.Src.liberty_parser.liberty_parser | DEBUG | liberty_parser.py:347 | Opened group: pin at C:\Users\CodewithKunal\Documents\slow.lib:40
2026-03-09 12:08:55 | PySTA.Src.liberty_parser.liberty_parser | DEBUG | liberty_parser.py:374 | Attribute: direction = output
2026-03-09 12:08:55 | PySTA.Src.liberty_parser.liberty_parser | DEBUG | liberty_parser.py:374 | Attribute: function = !(A & B)
2026-03-09 12:08:55 | PySTA.Src.liberty_parser.liberty_parser | DEBUG | liberty_parser.py:374 | Attribute: timing() { related_pin = "A"; cell_rise(values("0.12")); cell_fall(values("0.10")); }
2026-03-09 12:08:55 | PySTA.Src.liberty_parser.liberty_parser | DEBUG | liberty_parser.py:374 | Attribute: timing() { related_pin = "B"; cell_rise(values("0.12")); cell_fall(values("0.10")); }
2026-03-09 12:08:55 | PySTA.Src.liberty_parser.liberty_parser | DEBUG | liberty_parser.py:366 | Closed group: pin at C:\Users\CodewithKunal\Documents\slow.lib:45
2026-03-09 12:08:55 | PySTA.Src.liberty_parser.liberty_parser | DEBUG | liberty_parser.py:360 | Found cell: NAND2_X1
2026-03-09 12:08:55 | PySTA.Src.liberty_parser.liberty_parser | DEBUG | liberty_parser.py:366 | Closed group: cell at C:\Users\CodewithKunal\Documents\slow.lib:46
2026-03-09 12:08:55 | PySTA.Src.liberty_parser.liberty_parser | DEBUG | liberty_parser.py:322 | Ignoring line: ////////////////////////////////////////////////////////////
2026-03-09 12:08:55 | PySTA.Src.liberty_parser.liberty_parser | DEBUG | liberty_parser.py:322 | Ignoring line: // NOR2
2026-03-09 12:08:55 | PySTA.Src.liberty_parser.liberty_parser | DEBUG | liberty_parser.py:322 | Ignoring line: ////////////////////////////////////////////////////////////
2026-03-09 12:08:55 | PySTA.Src.liberty_parser.liberty_parser | DEBUG | liberty_parser.py:347 | Opened group: cell at C:\Users\CodewithKunal\Documents\slow.lib:50
2026-03-09 12:08:55 | PySTA.Src.liberty_parser.liberty_parser | DEBUG | liberty_parser.py:374 | Attribute: pin(A) { direction = input; capacitance : 0.004; }
2026-03-09 12:08:55 | PySTA.Src.liberty_parser.liberty_parser | DEBUG | liberty_parser.py:374 | Attribute: pin(B) { direction = input; capacitance : 0.004; }
2026-03-09 12:08:55 | PySTA.Src.liberty_parser.liberty_parser | DEBUG | liberty_parser.py:347 | Opened group: pin at C:\Users\CodewithKunal\Documents\slow.lib:53
2026-03-09 12:08:55 | PySTA.Src.liberty_parser.liberty_parser | DEBUG | liberty_parser.py:374 | Attribute: direction = output
2026-03-09 12:08:55 | PySTA.Src.liberty_parser.liberty_parser | DEBUG | liberty_parser.py:374 | Attribute: function = !(A | B)
2026-03-09 12:08:55 | PySTA.Src.liberty_parser.liberty_parser | DEBUG | liberty_parser.py:374 | Attribute: timing() { related_pin = "A"; cell_rise(values("0.13")); cell_fall(values("0.11")); }
2026-03-09 12:08:55 | PySTA.Src.liberty_parser.liberty_parser | DEBUG | liberty_parser.py:374 | Attribute: timing() { related_pin = "B"; cell_rise(values("0.13")); cell_fall(values("0.11")); }
2026-03-09 12:08:55 | PySTA.Src.liberty_parser.liberty_parser | DEBUG | liberty_parser.py:366 | Closed group: pin at C:\Users\CodewithKunal\Documents\slow.lib:58
2026-03-09 12:08:55 | PySTA.Src.liberty_parser.liberty_parser | DEBUG | liberty_parser.py:360 | Found cell: NOR2_X1
2026-03-09 12:08:55 | PySTA.Src.liberty_parser.liberty_parser | DEBUG | liberty_parser.py:366 | Closed group: cell at C:\Users\CodewithKunal\Documents\slow.lib:59
2026-03-09 12:08:55 | PySTA.Src.liberty_parser.liberty_parser | DEBUG | liberty_parser.py:322 | Ignoring line: ////////////////////////////////////////////////////////////
2026-03-09 12:08:55 | PySTA.Src.liberty_parser.liberty_parser | DEBUG | liberty_parser.py:322 | Ignoring line: // AND2
2026-03-09 12:08:55 | PySTA.Src.liberty_parser.liberty_parser | DEBUG | liberty_parser.py:322 | Ignoring line: ////////////////////////////////////////////////////////////
2026-03-09 12:08:55 | PySTA.Src.liberty_parser.liberty_parser | DEBUG | liberty_parser.py:347 | Opened group: cell at C:\Users\CodewithKunal\Documents\slow.lib:63
2026-03-09 12:08:55 | PySTA.Src.liberty_parser.liberty_parser | DEBUG | liberty_parser.py:374 | Attribute: pin(A) { direction = input; capacitance : 0.004; }
2026-03-09 12:08:55 | PySTA.Src.liberty_parser.liberty_parser | DEBUG | liberty_parser.py:374 | Attribute: pin(B) { direction = input; capacitance : 0.004; }
2026-03-09 12:08:55 | PySTA.Src.liberty_parser.liberty_parser | DEBUG | liberty_parser.py:347 | Opened group: pin at C:\Users\CodewithKunal\Documents\slow.lib:66
2026-03-09 12:08:55 | PySTA.Src.liberty_parser.liberty_parser | DEBUG | liberty_parser.py:374 | Attribute: direction = output
2026-03-09 12:08:55 | PySTA.Src.liberty_parser.liberty_parser | DEBUG | liberty_parser.py:374 | Attribute: function = A & B
2026-03-09 12:08:55 | PySTA.Src.liberty_parser.liberty_parser | DEBUG | liberty_parser.py:374 | Attribute: timing() { related_pin = "A"; cell_rise(values("0.11")); cell_fall(values("0.10")); }
2026-03-09 12:08:55 | PySTA.Src.liberty_parser.liberty_parser | DEBUG | liberty_parser.py:374 | Attribute: timing() { related_pin = "B"; cell_rise(values("0.11")); cell_fall(values("0.10")); }
2026-03-09 12:08:55 | PySTA.Src.liberty_parser.liberty_parser | DEBUG | liberty_parser.py:366 | Closed group: pin at C:\Users\CodewithKunal\Documents\slow.lib:71
2026-03-09 12:08:55 | PySTA.Src.liberty_parser.liberty_parser | DEBUG | liberty_parser.py:360 | Found cell: AND2_X1
2026-03-09 12:08:55 | PySTA.Src.liberty_parser.liberty_parser | DEBUG | liberty_parser.py:366 | Closed group: cell at C:\Users\CodewithKunal\Documents\slow.lib:72
2026-03-09 12:08:55 | PySTA.Src.liberty_parser.liberty_parser | DEBUG | liberty_parser.py:322 | Ignoring line: ////////////////////////////////////////////////////////////
2026-03-09 12:08:55 | PySTA.Src.liberty_parser.liberty_parser | DEBUG | liberty_parser.py:322 | Ignoring line: // MUX2
2026-03-09 12:08:55 | PySTA.Src.liberty_parser.liberty_parser | DEBUG | liberty_parser.py:322 | Ignoring line: ////////////////////////////////////////////////////////////
2026-03-09 12:08:55 | PySTA.Src.liberty_parser.liberty_parser | DEBUG | liberty_parser.py:347 | Opened group: cell at C:\Users\CodewithKunal\Documents\slow.lib:76
2026-03-09 12:08:55 | PySTA.Src.liberty_parser.liberty_parser | DEBUG | liberty_parser.py:374 | Attribute: pin(A) { direction = input; capacitance : 0.004; }
2026-03-09 12:08:55 | PySTA.Src.liberty_parser.liberty_parser | DEBUG | liberty_parser.py:374 | Attribute: pin(B) { direction = input; capacitance : 0.004; }
2026-03-09 12:08:55 | PySTA.Src.liberty_parser.liberty_parser | DEBUG | liberty_parser.py:374 | Attribute: pin(S) { direction = input; capacitance : 0.005; }
2026-03-09 12:08:55 | PySTA.Src.liberty_parser.liberty_parser | DEBUG | liberty_parser.py:347 | Opened group: pin at C:\Users\CodewithKunal\Documents\slow.lib:80
2026-03-09 12:08:55 | PySTA.Src.liberty_parser.liberty_parser | DEBUG | liberty_parser.py:374 | Attribute: direction = output
2026-03-09 12:08:55 | PySTA.Src.liberty_parser.liberty_parser | DEBUG | liberty_parser.py:374 | Attribute: function = (A & !S) | (B & S)
2026-03-09 12:08:55 | PySTA.Src.liberty_parser.liberty_parser | DEBUG | liberty_parser.py:374 | Attribute: timing() { related_pin = "A"; cell_rise(values("0.16")); cell_fall(values("0.14")); }
2026-03-09 12:08:55 | PySTA.Src.liberty_parser.liberty_parser | DEBUG | liberty_parser.py:374 | Attribute: timing() { related_pin = "B"; cell_rise(values("0.16")); cell_fall(values("0.14")); }
2026-03-09 12:08:55 | PySTA.Src.liberty_parser.liberty_parser | DEBUG | liberty_parser.py:374 | Attribute: timing() { related_pin = "S"; cell_rise(values("0.18")); cell_fall(values("0.16")); }
2026-03-09 12:08:55 | PySTA.Src.liberty_parser.liberty_parser | DEBUG | liberty_parser.py:366 | Closed group: pin at C:\Users\CodewithKunal\Documents\slow.lib:86
2026-03-09 12:08:55 | PySTA.Src.liberty_parser.liberty_parser | DEBUG | liberty_parser.py:360 | Found cell: MUX2_X1
2026-03-09 12:08:55 | PySTA.Src.liberty_parser.liberty_parser | DEBUG | liberty_parser.py:366 | Closed group: cell at C:\Users\CodewithKunal\Documents\slow.lib:87
2026-03-09 12:08:55 | PySTA.Src.liberty_parser.liberty_parser | DEBUG | liberty_parser.py:322 | Ignoring line: ////////////////////////////////////////////////////////////
2026-03-09 12:08:55 | PySTA.Src.liberty_parser.liberty_parser | DEBUG | liberty_parser.py:322 | Ignoring line: ////////////////////////////////////////////////////////////
2026-03-09 12:08:55 | PySTA.Src.liberty_parser.liberty_parser | DEBUG | liberty_parser.py:347 | Opened group: cell at C:\Users\CodewithKunal\Documents\slow.lib:91
2026-03-09 12:08:55 | PySTA.Src.liberty_parser.liberty_parser | DEBUG | liberty_parser.py:347 | Opened group: pin at C:\Users\CodewithKunal\Documents\slow.lib:92
2026-03-09 12:08:55 | PySTA.Src.liberty_parser.liberty_parser | DEBUG | liberty_parser.py:374 | Attribute: direction = input
2026-03-09 12:08:55 | PySTA.Src.liberty_parser.liberty_parser | DEBUG | liberty_parser.py:374 | Attribute: clock = True
2026-03-09 12:08:55 | PySTA.Src.liberty_parser.liberty_parser | DEBUG | liberty_parser.py:374 | Attribute: capacitance = 0.005
2026-03-09 12:08:55 | PySTA.Src.liberty_parser.liberty_parser | DEBUG | liberty_parser.py:366 | Closed group: pin at C:\Users\CodewithKunal\Documents\slow.lib:96
2026-03-09 12:08:55 | PySTA.Src.liberty_parser.liberty_parser | DEBUG | liberty_parser.py:347 | Opened group: pin at C:\Users\CodewithKunal\Documents\slow.lib:97
2026-03-09 12:08:55 | PySTA.Src.liberty_parser.liberty_parser | DEBUG | liberty_parser.py:374 | Attribute: direction = input
2026-03-09 12:08:55 | PySTA.Src.liberty_parser.liberty_parser | DEBUG | liberty_parser.py:374 | Attribute: capacitance = 0.004
2026-03-09 12:08:55 | PySTA.Src.liberty_parser.liberty_parser | DEBUG | liberty_parser.py:347 | Opened group: timing at C:\Users\CodewithKunal\Documents\slow.lib:100
2026-03-09 12:08:55 | PySTA.Src.liberty_parser.liberty_parser | DEBUG | liberty_parser.py:374 | Attribute: related_pin = CLK
2026-03-09 12:08:55 | PySTA.Src.liberty_parser.liberty_parser | DEBUG | liberty_parser.py:374 | Attribute: timing_type = setup_rising
2026-03-09 12:08:55 | PySTA.Src.liberty_parser.liberty_parser | DEBUG | liberty_parser.py:395 | Complex attribute: rise_constraint
2026-03-09 12:08:55 | PySTA.Src.liberty_parser.liberty_parser | DEBUG | liberty_parser.py:395 | Complex attribute: fall_constraint
2026-03-09 12:08:55 | PySTA.Src.liberty_parser.liberty_parser | DEBUG | liberty_parser.py:366 | Closed group: timing at C:\Users\CodewithKunal\Documents\slow.lib:105
2026-03-09 12:08:55 | PySTA.Src.liberty_parser.liberty_parser | DEBUG | liberty_parser.py:347 | Opened group: timing at C:\Users\CodewithKunal\Documents\slow.lib:106
2026-03-09 12:08:55 | PySTA.Src.liberty_parser.liberty_parser | DEBUG | liberty_parser.py:374 | Attribute: related_pin = CLK
2026-03-09 12:08:55 | PySTA.Src.liberty_parser.liberty_parser | DEBUG | liberty_parser.py:374 | Attribute: timing_type = hold_rising
2026-03-09 12:08:55 | PySTA.Src.liberty_parser.liberty_parser | DEBUG | liberty_parser.py:395 | Complex attribute: rise_constraint
2026-03-09 12:08:55 | PySTA.Src.liberty_parser.liberty_parser | DEBUG | liberty_parser.py:395 | Complex attribute: fall_constraint
2026-03-09 12:08:55 | PySTA.Src.liberty_parser.liberty_parser | DEBUG | liberty_parser.py:366 | Closed group: timing at C:\Users\CodewithKunal\Documents\slow.lib:111
2026-03-09 12:08:55 | PySTA.Src.liberty_parser.liberty_parser | DEBUG | liberty_parser.py:366 | Closed group: pin at C:\Users\CodewithKunal\Documents\slow.lib:112
2026-03-09 12:08:55 | PySTA.Src.liberty_parser.liberty_parser | DEBUG | liberty_parser.py:347 | Opened group: pin at C:\Users\CodewithKunal\Documents\slow.lib:113
2026-03-09 12:08:55 | PySTA.Src.liberty_parser.liberty_parser | DEBUG | liberty_parser.py:374 | Attribute: direction = output
2026-03-09 12:08:55 | PySTA.Src.liberty_parser.liberty_parser | DEBUG | liberty_parser.py:374 | Attribute: function = D
2026-03-09 12:08:55 | PySTA.Src.liberty_parser.liberty_parser | DEBUG | liberty_parser.py:347 | Opened group: timing at C:\Users\CodewithKunal\Documents\slow.lib:116
2026-03-09 12:08:55 | PySTA.Src.liberty_parser.liberty_parser | DEBUG | liberty_parser.py:374 | Attribute: related_pin = CLK
2026-03-09 12:08:55 | PySTA.Src.liberty_parser.liberty_parser | DEBUG | liberty_parser.py:374 | Attribute: timing_type = rising_edge
2026-03-09 12:08:55 | PySTA.Src.liberty_parser.liberty_parser | DEBUG | liberty_parser.py:395 | Complex attribute: cell_rise
2026-03-09 12:08:55 | PySTA.Src.liberty_parser.liberty_parser | DEBUG | liberty_parser.py:395 | Complex attribute: cell_fall
2026-03-09 12:08:55 | PySTA.Src.liberty_parser.liberty_parser | DEBUG | liberty_parser.py:366 | Closed group: timing at C:\Users\CodewithKunal\Documents\slow.lib:121
2026-03-09 12:08:55 | PySTA.Src.liberty_parser.liberty_parser | DEBUG | liberty_parser.py:366 | Closed group: pin at C:\Users\CodewithKunal\Documents\slow.lib:122
2026-03-09 12:08:55 | PySTA.Src.liberty_parser.liberty_parser | DEBUG | liberty_parser.py:360 | Found cell: DFF_X1
2026-03-09 12:08:55 | PySTA.Src.liberty_parser.liberty_parser | DEBUG | liberty_parser.py:366 | Closed group: cell at C:\Users\CodewithKunal\Documents\slow.lib:123
2026-03-09 12:08:55 | PySTA.Src.liberty_parser.liberty_parser | DEBUG | liberty_parser.py:366 | Closed group: library at C:\Users\CodewithKunal\Documents\slow.lib:124
2026-03-09 12:08:55 | PySTA.Src.liberty_parser.liberty_parser | DEBUG | liberty_parser.py:534 | Built 7 cells for library slow
2026-03-09 12:08:55 | PySTA.Src.liberty_parser.timing_arc_extractor | DEBUG | timing_arc_extractor.py:62 | Extracting timing arcs for cell: INV_X1
2026-03-09 12:08:55 | PySTA.Src.liberty_parser.timing_arc_extractor | DEBUG | timing_arc_extractor.py:95 | Extracted 1 timing arcs for cell INV_X1
2026-03-09 12:08:55 | PySTA.Src.liberty_parser.timing_arc_extractor | DEBUG | timing_arc_extractor.py:62 | Extracting timing arcs for cell: CLKBUF_X1
2026-03-09 12:08:55 | PySTA.Src.liberty_parser.timing_arc_extractor | DEBUG | timing_arc_extractor.py:95 | Extracted 1 timing arcs for cell CLKBUF_X1
2026-03-09 12:08:55 | PySTA.Src.liberty_parser.timing_arc_extractor | DEBUG | timing_arc_extractor.py:62 | Extracting timing arcs for cell: NAND2_X1
2026-03-09 12:08:55 | PySTA.Src.liberty_parser.timing_arc_extractor | DEBUG | timing_arc_extractor.py:95 | Extracted 0 timing arcs for cell NAND2_X1
2026-03-09 12:08:55 | PySTA.Src.liberty_parser.timing_arc_extractor | DEBUG | timing_arc_extractor.py:62 | Extracting timing arcs for cell: NOR2_X1
2026-03-09 12:08:55 | PySTA.Src.liberty_parser.timing_arc_extractor | DEBUG | timing_arc_extractor.py:95 | Extracted 0 timing arcs for cell NOR2_X1
2026-03-09 12:08:55 | PySTA.Src.liberty_parser.timing_arc_extractor | DEBUG | timing_arc_extractor.py:62 | Extracting timing arcs for cell: AND2_X1
2026-03-09 12:08:55 | PySTA.Src.liberty_parser.timing_arc_extractor | DEBUG | timing_arc_extractor.py:95 | Extracted 0 timing arcs for cell AND2_X1
2026-03-09 12:08:55 | PySTA.Src.liberty_parser.timing_arc_extractor | DEBUG | timing_arc_extractor.py:62 | Extracting timing arcs for cell: MUX2_X1
2026-03-09 12:08:55 | PySTA.Src.liberty_parser.timing_arc_extractor | DEBUG | timing_arc_extractor.py:95 | Extracted 0 timing arcs for cell MUX2_X1
2026-03-09 12:08:55 | PySTA.Src.liberty_parser.timing_arc_extractor | DEBUG | timing_arc_extractor.py:62 | Extracting timing arcs for cell: DFF_X1
2026-03-09 12:08:55 | PySTA.Src.liberty_parser.timing_arc_extractor | DEBUG | timing_arc_extractor.py:95 | Extracted 3 timing arcs for cell DFF_X1
2026-03-09 12:08:55 | PySTA.Src.liberty_parser.liberty_parser | INFO | liberty_parser.py:88 | Successfully parsed 7 cells from C:/Users/CodewithKunal/Documents/slow.lib
2026-03-09 12:08:55 | PySTA.Src.liberty_parser.liberty_parser | DEBUG | liberty_parser.py:89 | Parse stats: {'cells': 7, 'pins': 9, 'timing_arcs': 5, 'errors': 0, 'warnings': 0}
2026-03-09 12:08:55 | PySTA.Src.liberty_parser.liberty_parser | INFO | liberty_parser.py:102 | Parsing 2 Liberty files
2026-03-09 12:08:55 | PySTA.Src.liberty_parser.liberty_parser | INFO | liberty_parser.py:55 | Parsing Liberty file: C:/Users/CodewithKunal/Documents/fast.lib
2026-03-09 12:08:55 | PySTA.Src.utils.file_utils | DEBUG | file_utils.py:105 | Successfully read C:/Users/CodewithKunal/Documents/fast.lib with utf-8 encoding
2026-03-09 12:08:55 | PySTA.Src.liberty_parser.liberty_parser | DEBUG | liberty_parser.py:347 | Opened group: library at C:\Users\CodewithKunal\Documents\fast.lib:1
2026-03-09 12:08:55 | PySTA.Src.liberty_parser.liberty_parser | DEBUG | liberty_parser.py:374 | Attribute: time_unit = 1ns
2026-03-09 12:08:55 | PySTA.Src.liberty_parser.liberty_parser | DEBUG | liberty_parser.py:374 | Attribute: voltage_unit = 1V
2026-03-09 12:08:55 | PySTA.Src.liberty_parser.liberty_parser | DEBUG | liberty_parser.py:374 | Attribute: current_unit = 1mA
2026-03-09 12:08:55 | PySTA.Src.liberty_parser.liberty_parser | DEBUG | liberty_parser.py:374 | Attribute: pulling_resistance_unit = 1kohm
2026-03-09 12:08:55 | PySTA.Src.liberty_parser.liberty_parser | DEBUG | liberty_parser.py:374 | Attribute: leakage_power_unit = 1nW
2026-03-09 12:08:55 | PySTA.Src.liberty_parser.liberty_parser | DEBUG | liberty_parser.py:374 | Attribute: capacitance_unit = 1pf
2026-03-09 12:08:55 | PySTA.Src.liberty_parser.liberty_parser | DEBUG | liberty_parser.py:374 | Attribute: slew_upper_threshold_pct_rise = 80.0
2026-03-09 12:08:55 | PySTA.Src.liberty_parser.liberty_parser | DEBUG | liberty_parser.py:374 | Attribute: slew_lower_threshold_pct_rise = 20.0
2026-03-09 12:08:55 | PySTA.Src.liberty_parser.liberty_parser | DEBUG | liberty_parser.py:374 | Attribute: slew_upper_threshold_pct_fall = 80.0
2026-03-09 12:08:55 | PySTA.Src.liberty_parser.liberty_parser | DEBUG | liberty_parser.py:374 | Attribute: slew_lower_threshold_pct_fall = 20.0
2026-03-09 12:08:55 | PySTA.Src.liberty_parser.liberty_parser | DEBUG | liberty_parser.py:374 | Attribute: input_threshold_pct_rise = 50.0
2026-03-09 12:08:55 | PySTA.Src.liberty_parser.liberty_parser | DEBUG | liberty_parser.py:374 | Attribute: input_threshold_pct_fall = 50.0
2026-03-09 12:08:55 | PySTA.Src.liberty_parser.liberty_parser | DEBUG | liberty_parser.py:374 | Attribute: output_threshold_pct_rise = 50.0
2026-03-09 12:08:55 | PySTA.Src.liberty_parser.liberty_parser | DEBUG | liberty_parser.py:374 | Attribute: output_threshold_pct_fall = 50.0
2026-03-09 12:08:55 | PySTA.Src.liberty_parser.liberty_parser | DEBUG | liberty_parser.py:322 | Ignoring line: ////////////////////////////////////////////////////////////
2026-03-09 12:08:55 | PySTA.Src.liberty_parser.liberty_parser | DEBUG | liberty_parser.py:322 | Ignoring line: // INV
2026-03-09 12:08:55 | PySTA.Src.liberty_parser.liberty_parser | DEBUG | liberty_parser.py:322 | Ignoring line: ////////////////////////////////////////////////////////////
2026-03-09 12:08:55 | PySTA.Src.liberty_parser.liberty_parser | DEBUG | liberty_parser.py:347 | Opened group: cell at C:\Users\CodewithKunal\Documents\fast.lib:19
2026-03-09 12:08:55 | PySTA.Src.liberty_parser.liberty_parser | DEBUG | liberty_parser.py:374 | Attribute: area = 10
2026-03-09 12:08:55 | PySTA.Src.liberty_parser.liberty_parser | DEBUG | liberty_parser.py:347 | Opened group: pin at C:\Users\CodewithKunal\Documents\fast.lib:21
2026-03-09 12:08:55 | PySTA.Src.liberty_parser.liberty_parser | DEBUG | liberty_parser.py:374 | Attribute: direction = input
2026-03-09 12:08:55 | PySTA.Src.liberty_parser.liberty_parser | DEBUG | liberty_parser.py:374 | Attribute: capacitance = 0.002
2026-03-09 12:08:55 | PySTA.Src.liberty_parser.liberty_parser | DEBUG | liberty_parser.py:374 | Attribute: rise_capacitance = 0.002
2026-03-09 12:08:55 | PySTA.Src.liberty_parser.liberty_parser | DEBUG | liberty_parser.py:374 | Attribute: fall_capacitance = 0.002
2026-03-09 12:08:55 | PySTA.Src.liberty_parser.liberty_parser | DEBUG | liberty_parser.py:366 | Closed group: pin at C:\Users\CodewithKunal\Documents\fast.lib:26
2026-03-09 12:08:55 | PySTA.Src.liberty_parser.liberty_parser | DEBUG | liberty_parser.py:347 | Opened group: pin at C:\Users\CodewithKunal\Documents\fast.lib:27
2026-03-09 12:08:55 | PySTA.Src.liberty_parser.liberty_parser | DEBUG | liberty_parser.py:374 | Attribute: direction = output
2026-03-09 12:08:55 | PySTA.Src.liberty_parser.liberty_parser | DEBUG | liberty_parser.py:374 | Attribute: function = !A
2026-03-09 12:08:55 | PySTA.Src.liberty_parser.liberty_parser | DEBUG | liberty_parser.py:374 | Attribute: power_down_function = !A
2026-03-09 12:08:55 | PySTA.Src.liberty_parser.liberty_parser | DEBUG | liberty_parser.py:347 | Opened group: timing at C:\Users\CodewithKunal\Documents\fast.lib:31
2026-03-09 12:08:55 | PySTA.Src.liberty_parser.liberty_parser | DEBUG | liberty_parser.py:374 | Attribute: related_pin = A
2026-03-09 12:08:55 | PySTA.Src.liberty_parser.liberty_parser | DEBUG | liberty_parser.py:374 | Attribute: timing_sense = negative_unate
2026-03-09 12:08:55 | PySTA.Src.liberty_parser.liberty_parser | DEBUG | liberty_parser.py:395 | Complex attribute: cell_rise
2026-03-09 12:08:55 | PySTA.Src.liberty_parser.liberty_parser | DEBUG | liberty_parser.py:395 | Complex attribute: rise_transition
2026-03-09 12:08:55 | PySTA.Src.liberty_parser.liberty_parser | DEBUG | liberty_parser.py:395 | Complex attribute: cell_fall
2026-03-09 12:08:55 | PySTA.Src.liberty_parser.liberty_parser | DEBUG | liberty_parser.py:395 | Complex attribute: fall_transition
2026-03-09 12:08:55 | PySTA.Src.liberty_parser.liberty_parser | DEBUG | liberty_parser.py:366 | Closed group: timing at C:\Users\CodewithKunal\Documents\fast.lib:38
2026-03-09 12:08:55 | PySTA.Src.liberty_parser.liberty_parser | DEBUG | liberty_parser.py:366 | Closed group: pin at C:\Users\CodewithKunal\Documents\fast.lib:39
2026-03-09 12:08:55 | PySTA.Src.liberty_parser.liberty_parser | DEBUG | liberty_parser.py:360 | Found cell: INV_X1
2026-03-09 12:08:55 | PySTA.Src.liberty_parser.liberty_parser | DEBUG | liberty_parser.py:366 | Closed group: cell at C:\Users\CodewithKunal\Documents\fast.lib:40
2026-03-09 12:08:55 | PySTA.Src.liberty_parser.liberty_parser | DEBUG | liberty_parser.py:322 | Ignoring line: ////////////////////////////////////////////////////////////
2026-03-09 12:08:55 | PySTA.Src.liberty_parser.liberty_parser | DEBUG | liberty_parser.py:322 | Ignoring line: // DFF — With proper timing arcs
2026-03-09 12:08:55 | PySTA.Src.liberty_parser.liberty_parser | DEBUG | liberty_parser.py:322 | Ignoring line: ////////////////////////////////////////////////////////////
2026-03-09 12:08:55 | PySTA.Src.liberty_parser.liberty_parser | DEBUG | liberty_parser.py:347 | Opened group: cell at C:\Users\CodewithKunal\Documents\fast.lib:44
2026-03-09 12:08:55 | PySTA.Src.liberty_parser.liberty_parser | DEBUG | liberty_parser.py:374 | Attribute: area = 50
2026-03-09 12:08:55 | PySTA.Src.liberty_parser.liberty_parser | DEBUG | liberty_parser.py:347 | Opened group: ff at C:\Users\CodewithKunal\Documents\fast.lib:46
2026-03-09 12:08:55 | PySTA.Src.liberty_parser.liberty_parser | DEBUG | liberty_parser.py:374 | Attribute: next_state = D
2026-03-09 12:08:55 | PySTA.Src.liberty_parser.liberty_parser | DEBUG | liberty_parser.py:374 | Attribute: clocked_on = CLK
2026-03-09 12:08:55 | PySTA.Src.liberty_parser.liberty_parser | DEBUG | liberty_parser.py:374 | Attribute: clear = !RST
2026-03-09 12:08:55 | PySTA.Src.liberty_parser.liberty_parser | DEBUG | liberty_parser.py:366 | Closed group: ff at C:\Users\CodewithKunal\Documents\fast.lib:50
2026-03-09 12:08:55 | PySTA.Src.liberty_parser.liberty_parser | DEBUG | liberty_parser.py:347 | Opened group: pin at C:\Users\CodewithKunal\Documents\fast.lib:51
2026-03-09 12:08:55 | PySTA.Src.liberty_parser.liberty_parser | DEBUG | liberty_parser.py:374 | Attribute: direction = input
2026-03-09 12:08:55 | PySTA.Src.liberty_parser.liberty_parser | DEBUG | liberty_parser.py:374 | Attribute: capacitance = 0.004
2026-03-09 12:08:55 | PySTA.Src.liberty_parser.liberty_parser | DEBUG | liberty_parser.py:374 | Attribute: rise_capacitance = 0.004
2026-03-09 12:08:55 | PySTA.Src.liberty_parser.liberty_parser | DEBUG | liberty_parser.py:374 | Attribute: fall_capacitance = 0.004
2026-03-09 12:08:55 | PySTA.Src.liberty_parser.liberty_parser | DEBUG | liberty_parser.py:374 | Attribute: clock = True
2026-03-09 12:08:55 | PySTA.Src.liberty_parser.liberty_parser | DEBUG | liberty_parser.py:366 | Closed group: pin at C:\Users\CodewithKunal\Documents\fast.lib:57
2026-03-09 12:08:55 | PySTA.Src.liberty_parser.liberty_parser | DEBUG | liberty_parser.py:347 | Opened group: pin at C:\Users\CodewithKunal\Documents\fast.lib:58
2026-03-09 12:08:55 | PySTA.Src.liberty_parser.liberty_parser | DEBUG | liberty_parser.py:374 | Attribute: direction = input
2026-03-09 12:08:55 | PySTA.Src.liberty_parser.liberty_parser | DEBUG | liberty_parser.py:374 | Attribute: capacitance = 0.003
2026-03-09 12:08:55 | PySTA.Src.liberty_parser.liberty_parser | DEBUG | liberty_parser.py:374 | Attribute: rise_capacitance = 0.003
2026-03-09 12:08:55 | PySTA.Src.liberty_parser.liberty_parser | DEBUG | liberty_parser.py:374 | Attribute: fall_capacitance = 0.003
2026-03-09 12:08:55 | PySTA.Src.liberty_parser.liberty_parser | DEBUG | liberty_parser.py:347 | Opened group: timing at C:\Users\CodewithKunal\Documents\fast.lib:63
2026-03-09 12:08:55 | PySTA.Src.liberty_parser.liberty_parser | DEBUG | liberty_parser.py:374 | Attribute: related_pin = CLK
2026-03-09 12:08:55 | PySTA.Src.liberty_parser.liberty_parser | DEBUG | liberty_parser.py:374 | Attribute: timing_type = setup_rising
2026-03-09 12:08:55 | PySTA.Src.liberty_parser.liberty_parser | DEBUG | liberty_parser.py:395 | Complex attribute: rise_constraint
2026-03-09 12:08:55 | PySTA.Src.liberty_parser.liberty_parser | DEBUG | liberty_parser.py:395 | Complex attribute: fall_constraint
2026-03-09 12:08:55 | PySTA.Src.liberty_parser.liberty_parser | DEBUG | liberty_parser.py:366 | Closed group: timing at C:\Users\CodewithKunal\Documents\fast.lib:68
2026-03-09 12:08:55 | PySTA.Src.liberty_parser.liberty_parser | DEBUG | liberty_parser.py:347 | Opened group: timing at C:\Users\CodewithKunal\Documents\fast.lib:69
2026-03-09 12:08:55 | PySTA.Src.liberty_parser.liberty_parser | DEBUG | liberty_parser.py:374 | Attribute: related_pin = CLK
2026-03-09 12:08:55 | PySTA.Src.liberty_parser.liberty_parser | DEBUG | liberty_parser.py:374 | Attribute: timing_type = hold_rising
2026-03-09 12:08:55 | PySTA.Src.liberty_parser.liberty_parser | DEBUG | liberty_parser.py:395 | Complex attribute: rise_constraint
2026-03-09 12:08:55 | PySTA.Src.liberty_parser.liberty_parser | DEBUG | liberty_parser.py:395 | Complex attribute: fall_constraint
2026-03-09 12:08:55 | PySTA.Src.liberty_parser.liberty_parser | DEBUG | liberty_parser.py:366 | Closed group: timing at C:\Users\CodewithKunal\Documents\fast.lib:74
2026-03-09 12:08:55 | PySTA.Src.liberty_parser.liberty_parser | DEBUG | liberty_parser.py:366 | Closed group: pin at C:\Users\CodewithKunal\Documents\fast.lib:75
2026-03-09 12:08:55 | PySTA.Src.liberty_parser.liberty_parser | DEBUG | liberty_parser.py:347 | Opened group: pin at C:\Users\CodewithKunal\Documents\fast.lib:76
2026-03-09 12:08:55 | PySTA.Src.liberty_parser.liberty_parser | DEBUG | liberty_parser.py:374 | Attribute: direction = input
2026-03-09 12:08:55 | PySTA.Src.liberty_parser.liberty_parser | DEBUG | liberty_parser.py:374 | Attribute: capacitance = 0.002
2026-03-09 12:08:55 | PySTA.Src.liberty_parser.liberty_parser | DEBUG | liberty_parser.py:374 | Attribute: rise_capacitance = 0.002
2026-03-09 12:08:55 | PySTA.Src.liberty_parser.liberty_parser | DEBUG | liberty_parser.py:374 | Attribute: fall_capacitance = 0.002
2026-03-09 12:08:55 | PySTA.Src.liberty_parser.liberty_parser | DEBUG | liberty_parser.py:366 | Closed group: pin at C:\Users\CodewithKunal\Documents\fast.lib:81
2026-03-09 12:08:55 | PySTA.Src.liberty_parser.liberty_parser | DEBUG | liberty_parser.py:347 | Opened group: pin at C:\Users\CodewithKunal\Documents\fast.lib:82
2026-03-09 12:08:55 | PySTA.Src.liberty_parser.liberty_parser | DEBUG | liberty_parser.py:374 | Attribute: direction = output
2026-03-09 12:08:55 | PySTA.Src.liberty_parser.liberty_parser | DEBUG | liberty_parser.py:374 | Attribute: function = IQ
2026-03-09 12:08:55 | PySTA.Src.liberty_parser.liberty_parser | DEBUG | liberty_parser.py:347 | Opened group: timing at C:\Users\CodewithKunal\Documents\fast.lib:85
2026-03-09 12:08:55 | PySTA.Src.liberty_parser.liberty_parser | DEBUG | liberty_parser.py:374 | Attribute: related_pin = CLK
2026-03-09 12:08:55 | PySTA.Src.liberty_parser.liberty_parser | DEBUG | liberty_parser.py:374 | Attribute: timing_type = rising_edge
2026-03-09 12:08:55 | PySTA.Src.liberty_parser.liberty_parser | DEBUG | liberty_parser.py:395 | Complex attribute: cell_rise
2026-03-09 12:08:55 | PySTA.Src.liberty_parser.liberty_parser | DEBUG | liberty_parser.py:395 | Complex attribute: rise_transition
2026-03-09 12:08:55 | PySTA.Src.liberty_parser.liberty_parser | DEBUG | liberty_parser.py:395 | Complex attribute: cell_fall
2026-03-09 12:08:55 | PySTA.Src.liberty_parser.liberty_parser | DEBUG | liberty_parser.py:395 | Complex attribute: fall_transition
2026-03-09 12:08:55 | PySTA.Src.liberty_parser.liberty_parser | DEBUG | liberty_parser.py:366 | Closed group: timing at C:\Users\CodewithKunal\Documents\fast.lib:92
2026-03-09 12:08:55 | PySTA.Src.liberty_parser.liberty_parser | DEBUG | liberty_parser.py:347 | Opened group: timing at C:\Users\CodewithKunal\Documents\fast.lib:93
2026-03-09 12:08:55 | PySTA.Src.liberty_parser.liberty_parser | DEBUG | liberty_parser.py:374 | Attribute: related_pin = RST
2026-03-09 12:08:55 | PySTA.Src.liberty_parser.liberty_parser | DEBUG | liberty_parser.py:374 | Attribute: timing_type = clear
2026-03-09 12:08:55 | PySTA.Src.liberty_parser.liberty_parser | DEBUG | liberty_parser.py:395 | Complex attribute: cell_rise
2026-03-09 12:08:55 | PySTA.Src.liberty_parser.liberty_parser | DEBUG | liberty_parser.py:395 | Complex attribute: cell_fall
2026-03-09 12:08:55 | PySTA.Src.liberty_parser.liberty_parser | DEBUG | liberty_parser.py:366 | Closed group: timing at C:\Users\CodewithKunal\Documents\fast.lib:98
2026-03-09 12:08:55 | PySTA.Src.liberty_parser.liberty_parser | DEBUG | liberty_parser.py:366 | Closed group: pin at C:\Users\CodewithKunal\Documents\fast.lib:99
2026-03-09 12:08:55 | PySTA.Src.liberty_parser.liberty_parser | DEBUG | liberty_parser.py:360 | Found cell: DFF_X1
2026-03-09 12:08:55 | PySTA.Src.liberty_parser.liberty_parser | DEBUG | liberty_parser.py:366 | Closed group: cell at C:\Users\CodewithKunal\Documents\fast.lib:100
2026-03-09 12:08:55 | PySTA.Src.liberty_parser.liberty_parser | DEBUG | liberty_parser.py:366 | Closed group: library at C:\Users\CodewithKunal\Documents\fast.lib:101
2026-03-09 12:08:55 | PySTA.Src.liberty_parser.liberty_parser | DEBUG | liberty_parser.py:534 | Built 2 cells for library fast
2026-03-09 12:08:55 | PySTA.Src.liberty_parser.timing_arc_extractor | DEBUG | timing_arc_extractor.py:62 | Extracting timing arcs for cell: INV_X1
2026-03-09 12:08:55 | PySTA.Src.liberty_parser.timing_arc_extractor | DEBUG | timing_arc_extractor.py:95 | Extracted 1 timing arcs for cell INV_X1
2026-03-09 12:08:55 | PySTA.Src.liberty_parser.timing_arc_extractor | DEBUG | timing_arc_extractor.py:62 | Extracting timing arcs for cell: DFF_X1
2026-03-09 12:08:55 | PySTA.Src.liberty_parser.timing_arc_extractor | DEBUG | timing_arc_extractor.py:95 | Extracted 4 timing arcs for cell DFF_X1
2026-03-09 12:08:55 | PySTA.Src.liberty_parser.liberty_parser | INFO | liberty_parser.py:88 | Successfully parsed 2 cells from C:/Users/CodewithKunal/Documents/fast.lib
2026-03-09 12:08:55 | PySTA.Src.liberty_parser.liberty_parser | DEBUG | liberty_parser.py:89 | Parse stats: {'cells': 2, 'pins': 6, 'timing_arcs': 5, 'errors': 0, 'warnings': 0}
2026-03-09 12:08:55 | PySTA.Src.liberty_parser.liberty_parser | INFO | liberty_parser.py:55 | Parsing Liberty file: C:/Users/CodewithKunal/Documents/slow.lib
2026-03-09 12:08:55 | PySTA.Src.utils.file_utils | DEBUG | file_utils.py:105 | Successfully read C:/Users/CodewithKunal/Documents/slow.lib with utf-8 encoding
2026-03-09 12:08:55 | PySTA.Src.liberty_parser.liberty_parser | DEBUG | liberty_parser.py:347 | Opened group: library at C:\Users\CodewithKunal\Documents\slow.lib:1
2026-03-09 12:08:55 | PySTA.Src.liberty_parser.liberty_parser | DEBUG | liberty_parser.py:374 | Attribute: time_unit = 1ns
2026-03-09 12:08:55 | PySTA.Src.liberty_parser.liberty_parser | DEBUG | liberty_parser.py:374 | Attribute: capacitance_unit = 1pf
2026-03-09 12:08:55 | PySTA.Src.liberty_parser.liberty_parser | DEBUG | liberty_parser.py:322 | Ignoring line: ////////////////////////////////////////////////////////////
2026-03-09 12:08:55 | PySTA.Src.liberty_parser.liberty_parser | DEBUG | liberty_parser.py:322 | Ignoring line: // INV
2026-03-09 12:08:55 | PySTA.Src.liberty_parser.liberty_parser | DEBUG | liberty_parser.py:322 | Ignoring line: ////////////////////////////////////////////////////////////
2026-03-09 12:08:55 | PySTA.Src.liberty_parser.liberty_parser | DEBUG | liberty_parser.py:347 | Opened group: cell at C:\Users\CodewithKunal\Documents\slow.lib:7
2026-03-09 12:08:55 | PySTA.Src.liberty_parser.liberty_parser | DEBUG | liberty_parser.py:374 | Attribute: pin(A) { direction = input; capacitance : 0.003; }
2026-03-09 12:08:55 | PySTA.Src.liberty_parser.liberty_parser | DEBUG | liberty_parser.py:347 | Opened group: pin at C:\Users\CodewithKunal\Documents\slow.lib:9
2026-03-09 12:08:55 | PySTA.Src.liberty_parser.liberty_parser | DEBUG | liberty_parser.py:374 | Attribute: direction = output
2026-03-09 12:08:55 | PySTA.Src.liberty_parser.liberty_parser | DEBUG | liberty_parser.py:374 | Attribute: function = !A
2026-03-09 12:08:55 | PySTA.Src.liberty_parser.liberty_parser | DEBUG | liberty_parser.py:347 | Opened group: timing at C:\Users\CodewithKunal\Documents\slow.lib:12
2026-03-09 12:08:55 | PySTA.Src.liberty_parser.liberty_parser | DEBUG | liberty_parser.py:374 | Attribute: related_pin = A
2026-03-09 12:08:55 | PySTA.Src.liberty_parser.liberty_parser | DEBUG | liberty_parser.py:395 | Complex attribute: cell_rise
2026-03-09 12:08:55 | PySTA.Src.liberty_parser.liberty_parser | DEBUG | liberty_parser.py:395 | Complex attribute: cell_fall
2026-03-09 12:08:55 | PySTA.Src.liberty_parser.liberty_parser | DEBUG | liberty_parser.py:366 | Closed group: timing at C:\Users\CodewithKunal\Documents\slow.lib:16
2026-03-09 12:08:55 | PySTA.Src.liberty_parser.liberty_parser | DEBUG | liberty_parser.py:366 | Closed group: pin at C:\Users\CodewithKunal\Documents\slow.lib:17
2026-03-09 12:08:55 | PySTA.Src.liberty_parser.liberty_parser | DEBUG | liberty_parser.py:360 | Found cell: INV_X1
2026-03-09 12:08:55 | PySTA.Src.liberty_parser.liberty_parser | DEBUG | liberty_parser.py:366 | Closed group: cell at C:\Users\CodewithKunal\Documents\slow.lib:18
2026-03-09 12:08:55 | PySTA.Src.liberty_parser.liberty_parser | DEBUG | liberty_parser.py:322 | Ignoring line: ////////////////////////////////////////////////////////////
2026-03-09 12:08:55 | PySTA.Src.liberty_parser.liberty_parser | DEBUG | liberty_parser.py:322 | Ignoring line: // CLKBUF
2026-03-09 12:08:55 | PySTA.Src.liberty_parser.liberty_parser | DEBUG | liberty_parser.py:322 | Ignoring line: ////////////////////////////////////////////////////////////
2026-03-09 12:08:55 | PySTA.Src.liberty_parser.liberty_parser | DEBUG | liberty_parser.py:347 | Opened group: cell at C:\Users\CodewithKunal\Documents\slow.lib:22
2026-03-09 12:08:55 | PySTA.Src.liberty_parser.liberty_parser | DEBUG | liberty_parser.py:374 | Attribute: pin(A) { direction = input; capacitance : 0.004; }
2026-03-09 12:08:55 | PySTA.Src.liberty_parser.liberty_parser | DEBUG | liberty_parser.py:347 | Opened group: pin at C:\Users\CodewithKunal\Documents\slow.lib:24
2026-03-09 12:08:55 | PySTA.Src.liberty_parser.liberty_parser | DEBUG | liberty_parser.py:374 | Attribute: direction = output
2026-03-09 12:08:55 | PySTA.Src.liberty_parser.liberty_parser | DEBUG | liberty_parser.py:374 | Attribute: function = A
2026-03-09 12:08:55 | PySTA.Src.liberty_parser.liberty_parser | DEBUG | liberty_parser.py:347 | Opened group: timing at C:\Users\CodewithKunal\Documents\slow.lib:27
2026-03-09 12:08:55 | PySTA.Src.liberty_parser.liberty_parser | DEBUG | liberty_parser.py:374 | Attribute: related_pin = A
2026-03-09 12:08:55 | PySTA.Src.liberty_parser.liberty_parser | DEBUG | liberty_parser.py:395 | Complex attribute: cell_rise
2026-03-09 12:08:55 | PySTA.Src.liberty_parser.liberty_parser | DEBUG | liberty_parser.py:395 | Complex attribute: cell_fall
2026-03-09 12:08:55 | PySTA.Src.liberty_parser.liberty_parser | DEBUG | liberty_parser.py:366 | Closed group: timing at C:\Users\CodewithKunal\Documents\slow.lib:31
2026-03-09 12:08:55 | PySTA.Src.liberty_parser.liberty_parser | DEBUG | liberty_parser.py:366 | Closed group: pin at C:\Users\CodewithKunal\Documents\slow.lib:32
2026-03-09 12:08:55 | PySTA.Src.liberty_parser.liberty_parser | DEBUG | liberty_parser.py:360 | Found cell: CLKBUF_X1
2026-03-09 12:08:55 | PySTA.Src.liberty_parser.liberty_parser | DEBUG | liberty_parser.py:366 | Closed group: cell at C:\Users\CodewithKunal\Documents\slow.lib:33
2026-03-09 12:08:55 | PySTA.Src.liberty_parser.liberty_parser | DEBUG | liberty_parser.py:322 | Ignoring line: ////////////////////////////////////////////////////////////
2026-03-09 12:08:55 | PySTA.Src.liberty_parser.liberty_parser | DEBUG | liberty_parser.py:322 | Ignoring line: // NAND2
2026-03-09 12:08:55 | PySTA.Src.liberty_parser.liberty_parser | DEBUG | liberty_parser.py:322 | Ignoring line: ////////////////////////////////////////////////////////////
2026-03-09 12:08:55 | PySTA.Src.liberty_parser.liberty_parser | DEBUG | liberty_parser.py:347 | Opened group: cell at C:\Users\CodewithKunal\Documents\slow.lib:37
2026-03-09 12:08:55 | PySTA.Src.liberty_parser.liberty_parser | DEBUG | liberty_parser.py:374 | Attribute: pin(A) { direction = input; capacitance : 0.004; }
2026-03-09 12:08:55 | PySTA.Src.liberty_parser.liberty_parser | DEBUG | liberty_parser.py:374 | Attribute: pin(B) { direction = input; capacitance : 0.004; }
2026-03-09 12:08:55 | PySTA.Src.liberty_parser.liberty_parser | DEBUG | liberty_parser.py:347 | Opened group: pin at C:\Users\CodewithKunal\Documents\slow.lib:40
2026-03-09 12:08:55 | PySTA.Src.liberty_parser.liberty_parser | DEBUG | liberty_parser.py:374 | Attribute: direction = output
2026-03-09 12:08:55 | PySTA.Src.liberty_parser.liberty_parser | DEBUG | liberty_parser.py:374 | Attribute: function = !(A & B)
2026-03-09 12:08:55 | PySTA.Src.liberty_parser.liberty_parser | DEBUG | liberty_parser.py:374 | Attribute: timing() { related_pin = "A"; cell_rise(values("0.12")); cell_fall(values("0.10")); }
2026-03-09 12:08:55 | PySTA.Src.liberty_parser.liberty_parser | DEBUG | liberty_parser.py:374 | Attribute: timing() { related_pin = "B"; cell_rise(values("0.12")); cell_fall(values("0.10")); }
2026-03-09 12:08:55 | PySTA.Src.liberty_parser.liberty_parser | DEBUG | liberty_parser.py:366 | Closed group: pin at C:\Users\CodewithKunal\Documents\slow.lib:45
2026-03-09 12:08:55 | PySTA.Src.liberty_parser.liberty_parser | DEBUG | liberty_parser.py:360 | Found cell: NAND2_X1
2026-03-09 12:08:55 | PySTA.Src.liberty_parser.liberty_parser | DEBUG | liberty_parser.py:366 | Closed group: cell at C:\Users\CodewithKunal\Documents\slow.lib:46
2026-03-09 12:08:55 | PySTA.Src.liberty_parser.liberty_parser | DEBUG | liberty_parser.py:322 | Ignoring line: ////////////////////////////////////////////////////////////
2026-03-09 12:08:55 | PySTA.Src.liberty_parser.liberty_parser | DEBUG | liberty_parser.py:322 | Ignoring line: // NOR2
2026-03-09 12:08:55 | PySTA.Src.liberty_parser.liberty_parser | DEBUG | liberty_parser.py:322 | Ignoring line: ////////////////////////////////////////////////////////////
2026-03-09 12:08:55 | PySTA.Src.liberty_parser.liberty_parser | DEBUG | liberty_parser.py:347 | Opened group: cell at C:\Users\CodewithKunal\Documents\slow.lib:50
2026-03-09 12:08:55 | PySTA.Src.liberty_parser.liberty_parser | DEBUG | liberty_parser.py:374 | Attribute: pin(A) { direction = input; capacitance : 0.004; }
2026-03-09 12:08:55 | PySTA.Src.liberty_parser.liberty_parser | DEBUG | liberty_parser.py:374 | Attribute: pin(B) { direction = input; capacitance : 0.004; }
2026-03-09 12:08:55 | PySTA.Src.liberty_parser.liberty_parser | DEBUG | liberty_parser.py:347 | Opened group: pin at C:\Users\CodewithKunal\Documents\slow.lib:53
2026-03-09 12:08:55 | PySTA.Src.liberty_parser.liberty_parser | DEBUG | liberty_parser.py:374 | Attribute: direction = output
2026-03-09 12:08:55 | PySTA.Src.liberty_parser.liberty_parser | DEBUG | liberty_parser.py:374 | Attribute: function = !(A | B)
2026-03-09 12:08:55 | PySTA.Src.liberty_parser.liberty_parser | DEBUG | liberty_parser.py:374 | Attribute: timing() { related_pin = "A"; cell_rise(values("0.13")); cell_fall(values("0.11")); }
2026-03-09 12:08:55 | PySTA.Src.liberty_parser.liberty_parser | DEBUG | liberty_parser.py:374 | Attribute: timing() { related_pin = "B"; cell_rise(values("0.13")); cell_fall(values("0.11")); }
2026-03-09 12:08:55 | PySTA.Src.liberty_parser.liberty_parser | DEBUG | liberty_parser.py:366 | Closed group: pin at C:\Users\CodewithKunal\Documents\slow.lib:58
2026-03-09 12:08:55 | PySTA.Src.liberty_parser.liberty_parser | DEBUG | liberty_parser.py:360 | Found cell: NOR2_X1
2026-03-09 12:08:55 | PySTA.Src.liberty_parser.liberty_parser | DEBUG | liberty_parser.py:366 | Closed group: cell at C:\Users\CodewithKunal\Documents\slow.lib:59
2026-03-09 12:08:55 | PySTA.Src.liberty_parser.liberty_parser | DEBUG | liberty_parser.py:322 | Ignoring line: ////////////////////////////////////////////////////////////
2026-03-09 12:08:55 | PySTA.Src.liberty_parser.liberty_parser | DEBUG | liberty_parser.py:322 | Ignoring line: // AND2
2026-03-09 12:08:55 | PySTA.Src.liberty_parser.liberty_parser | DEBUG | liberty_parser.py:322 | Ignoring line: ////////////////////////////////////////////////////////////
2026-03-09 12:08:55 | PySTA.Src.liberty_parser.liberty_parser | DEBUG | liberty_parser.py:347 | Opened group: cell at C:\Users\CodewithKunal\Documents\slow.lib:63
2026-03-09 12:08:55 | PySTA.Src.liberty_parser.liberty_parser | DEBUG | liberty_parser.py:374 | Attribute: pin(A) { direction = input; capacitance : 0.004; }
2026-03-09 12:08:55 | PySTA.Src.liberty_parser.liberty_parser | DEBUG | liberty_parser.py:374 | Attribute: pin(B) { direction = input; capacitance : 0.004; }
2026-03-09 12:08:55 | PySTA.Src.liberty_parser.liberty_parser | DEBUG | liberty_parser.py:347 | Opened group: pin at C:\Users\CodewithKunal\Documents\slow.lib:66
2026-03-09 12:08:55 | PySTA.Src.liberty_parser.liberty_parser | DEBUG | liberty_parser.py:374 | Attribute: direction = output
2026-03-09 12:08:55 | PySTA.Src.liberty_parser.liberty_parser | DEBUG | liberty_parser.py:374 | Attribute: function = A & B
2026-03-09 12:08:55 | PySTA.Src.liberty_parser.liberty_parser | DEBUG | liberty_parser.py:374 | Attribute: timing() { related_pin = "A"; cell_rise(values("0.11")); cell_fall(values("0.10")); }
2026-03-09 12:08:55 | PySTA.Src.liberty_parser.liberty_parser | DEBUG | liberty_parser.py:374 | Attribute: timing() { related_pin = "B"; cell_rise(values("0.11")); cell_fall(values("0.10")); }
2026-03-09 12:08:55 | PySTA.Src.liberty_parser.liberty_parser | DEBUG | liberty_parser.py:366 | Closed group: pin at C:\Users\CodewithKunal\Documents\slow.lib:71
2026-03-09 12:08:55 | PySTA.Src.liberty_parser.liberty_parser | DEBUG | liberty_parser.py:360 | Found cell: AND2_X1
2026-03-09 12:08:55 | PySTA.Src.liberty_parser.liberty_parser | DEBUG | liberty_parser.py:366 | Closed group: cell at C:\Users\CodewithKunal\Documents\slow.lib:72
2026-03-09 12:08:55 | PySTA.Src.liberty_parser.liberty_parser | DEBUG | liberty_parser.py:322 | Ignoring line: ////////////////////////////////////////////////////////////
2026-03-09 12:08:55 | PySTA.Src.liberty_parser.liberty_parser | DEBUG | liberty_parser.py:322 | Ignoring line: // MUX2
2026-03-09 12:08:55 | PySTA.Src.liberty_parser.liberty_parser | DEBUG | liberty_parser.py:322 | Ignoring line: ////////////////////////////////////////////////////////////
2026-03-09 12:08:55 | PySTA.Src.liberty_parser.liberty_parser | DEBUG | liberty_parser.py:347 | Opened group: cell at C:\Users\CodewithKunal\Documents\slow.lib:76
2026-03-09 12:08:55 | PySTA.Src.liberty_parser.liberty_parser | DEBUG | liberty_parser.py:374 | Attribute: pin(A) { direction = input; capacitance : 0.004; }
2026-03-09 12:08:55 | PySTA.Src.liberty_parser.liberty_parser | DEBUG | liberty_parser.py:374 | Attribute: pin(B) { direction = input; capacitance : 0.004; }
2026-03-09 12:08:55 | PySTA.Src.liberty_parser.liberty_parser | DEBUG | liberty_parser.py:374 | Attribute: pin(S) { direction = input; capacitance : 0.005; }
2026-03-09 12:08:55 | PySTA.Src.liberty_parser.liberty_parser | DEBUG | liberty_parser.py:347 | Opened group: pin at C:\Users\CodewithKunal\Documents\slow.lib:80
2026-03-09 12:08:55 | PySTA.Src.liberty_parser.liberty_parser | DEBUG | liberty_parser.py:374 | Attribute: direction = output
2026-03-09 12:08:55 | PySTA.Src.liberty_parser.liberty_parser | DEBUG | liberty_parser.py:374 | Attribute: function = (A & !S) | (B & S)
2026-03-09 12:08:55 | PySTA.Src.liberty_parser.liberty_parser | DEBUG | liberty_parser.py:374 | Attribute: timing() { related_pin = "A"; cell_rise(values("0.16")); cell_fall(values("0.14")); }
2026-03-09 12:08:55 | PySTA.Src.liberty_parser.liberty_parser | DEBUG | liberty_parser.py:374 | Attribute: timing() { related_pin = "B"; cell_rise(values("0.16")); cell_fall(values("0.14")); }
2026-03-09 12:08:55 | PySTA.Src.liberty_parser.liberty_parser | DEBUG | liberty_parser.py:374 | Attribute: timing() { related_pin = "S"; cell_rise(values("0.18")); cell_fall(values("0.16")); }
2026-03-09 12:08:55 | PySTA.Src.liberty_parser.liberty_parser | DEBUG | liberty_parser.py:366 | Closed group: pin at C:\Users\CodewithKunal\Documents\slow.lib:86
2026-03-09 12:08:55 | PySTA.Src.liberty_parser.liberty_parser | DEBUG | liberty_parser.py:360 | Found cell: MUX2_X1
2026-03-09 12:08:55 | PySTA.Src.liberty_parser.liberty_parser | DEBUG | liberty_parser.py:366 | Closed group: cell at C:\Users\CodewithKunal\Documents\slow.lib:87
2026-03-09 12:08:55 | PySTA.Src.liberty_parser.liberty_parser | DEBUG | liberty_parser.py:322 | Ignoring line: ////////////////////////////////////////////////////////////
2026-03-09 12:08:55 | PySTA.Src.liberty_parser.liberty_parser | DEBUG | liberty_parser.py:322 | Ignoring line: ////////////////////////////////////////////////////////////
2026-03-09 12:08:55 | PySTA.Src.liberty_parser.liberty_parser | DEBUG | liberty_parser.py:347 | Opened group: cell at C:\Users\CodewithKunal\Documents\slow.lib:91
2026-03-09 12:08:55 | PySTA.Src.liberty_parser.liberty_parser | DEBUG | liberty_parser.py:347 | Opened group: pin at C:\Users\CodewithKunal\Documents\slow.lib:92
2026-03-09 12:08:55 | PySTA.Src.liberty_parser.liberty_parser | DEBUG | liberty_parser.py:374 | Attribute: direction = input
2026-03-09 12:08:55 | PySTA.Src.liberty_parser.liberty_parser | DEBUG | liberty_parser.py:374 | Attribute: clock = True
2026-03-09 12:08:55 | PySTA.Src.liberty_parser.liberty_parser | DEBUG | liberty_parser.py:374 | Attribute: capacitance = 0.005
2026-03-09 12:08:55 | PySTA.Src.liberty_parser.liberty_parser | DEBUG | liberty_parser.py:366 | Closed group: pin at C:\Users\CodewithKunal\Documents\slow.lib:96
2026-03-09 12:08:55 | PySTA.Src.liberty_parser.liberty_parser | DEBUG | liberty_parser.py:347 | Opened group: pin at C:\Users\CodewithKunal\Documents\slow.lib:97
2026-03-09 12:08:55 | PySTA.Src.liberty_parser.liberty_parser | DEBUG | liberty_parser.py:374 | Attribute: direction = input
2026-03-09 12:08:55 | PySTA.Src.liberty_parser.liberty_parser | DEBUG | liberty_parser.py:374 | Attribute: capacitance = 0.004
2026-03-09 12:08:55 | PySTA.Src.liberty_parser.liberty_parser | DEBUG | liberty_parser.py:347 | Opened group: timing at C:\Users\CodewithKunal\Documents\slow.lib:100
2026-03-09 12:08:55 | PySTA.Src.liberty_parser.liberty_parser | DEBUG | liberty_parser.py:374 | Attribute: related_pin = CLK
2026-03-09 12:08:55 | PySTA.Src.liberty_parser.liberty_parser | DEBUG | liberty_parser.py:374 | Attribute: timing_type = setup_rising
2026-03-09 12:08:55 | PySTA.Src.liberty_parser.liberty_parser | DEBUG | liberty_parser.py:395 | Complex attribute: rise_constraint
2026-03-09 12:08:55 | PySTA.Src.liberty_parser.liberty_parser | DEBUG | liberty_parser.py:395 | Complex attribute: fall_constraint
2026-03-09 12:08:55 | PySTA.Src.liberty_parser.liberty_parser | DEBUG | liberty_parser.py:366 | Closed group: timing at C:\Users\CodewithKunal\Documents\slow.lib:105
2026-03-09 12:08:55 | PySTA.Src.liberty_parser.liberty_parser | DEBUG | liberty_parser.py:347 | Opened group: timing at C:\Users\CodewithKunal\Documents\slow.lib:106
2026-03-09 12:08:55 | PySTA.Src.liberty_parser.liberty_parser | DEBUG | liberty_parser.py:374 | Attribute: related_pin = CLK
2026-03-09 12:08:55 | PySTA.Src.liberty_parser.liberty_parser | DEBUG | liberty_parser.py:374 | Attribute: timing_type = hold_rising
2026-03-09 12:08:55 | PySTA.Src.liberty_parser.liberty_parser | DEBUG | liberty_parser.py:395 | Complex attribute: rise_constraint
2026-03-09 12:08:55 | PySTA.Src.liberty_parser.liberty_parser | DEBUG | liberty_parser.py:395 | Complex attribute: fall_constraint
2026-03-09 12:08:55 | PySTA.Src.liberty_parser.liberty_parser | DEBUG | liberty_parser.py:366 | Closed group: timing at C:\Users\CodewithKunal\Documents\slow.lib:111
2026-03-09 12:08:55 | PySTA.Src.liberty_parser.liberty_parser | DEBUG | liberty_parser.py:366 | Closed group: pin at C:\Users\CodewithKunal\Documents\slow.lib:112
2026-03-09 12:08:55 | PySTA.Src.liberty_parser.liberty_parser | DEBUG | liberty_parser.py:347 | Opened group: pin at C:\Users\CodewithKunal\Documents\slow.lib:113
2026-03-09 12:08:55 | PySTA.Src.liberty_parser.liberty_parser | DEBUG | liberty_parser.py:374 | Attribute: direction = output
2026-03-09 12:08:55 | PySTA.Src.liberty_parser.liberty_parser | DEBUG | liberty_parser.py:374 | Attribute: function = D
2026-03-09 12:08:55 | PySTA.Src.liberty_parser.liberty_parser | DEBUG | liberty_parser.py:347 | Opened group: timing at C:\Users\CodewithKunal\Documents\slow.lib:116
2026-03-09 12:08:55 | PySTA.Src.liberty_parser.liberty_parser | DEBUG | liberty_parser.py:374 | Attribute: related_pin = CLK
2026-03-09 12:08:55 | PySTA.Src.liberty_parser.liberty_parser | DEBUG | liberty_parser.py:374 | Attribute: timing_type = rising_edge
2026-03-09 12:08:55 | PySTA.Src.liberty_parser.liberty_parser | DEBUG | liberty_parser.py:395 | Complex attribute: cell_rise
2026-03-09 12:08:55 | PySTA.Src.liberty_parser.liberty_parser | DEBUG | liberty_parser.py:395 | Complex attribute: cell_fall
2026-03-09 12:08:55 | PySTA.Src.liberty_parser.liberty_parser | DEBUG | liberty_parser.py:366 | Closed group: timing at C:\Users\CodewithKunal\Documents\slow.lib:121
2026-03-09 12:08:55 | PySTA.Src.liberty_parser.liberty_parser | DEBUG | liberty_parser.py:366 | Closed group: pin at C:\Users\CodewithKunal\Documents\slow.lib:122
2026-03-09 12:08:55 | PySTA.Src.liberty_parser.liberty_parser | DEBUG | liberty_parser.py:360 | Found cell: DFF_X1
2026-03-09 12:08:55 | PySTA.Src.liberty_parser.liberty_parser | DEBUG | liberty_parser.py:366 | Closed group: cell at C:\Users\CodewithKunal\Documents\slow.lib:123
2026-03-09 12:08:55 | PySTA.Src.liberty_parser.liberty_parser | DEBUG | liberty_parser.py:366 | Closed group: library at C:\Users\CodewithKunal\Documents\slow.lib:124
2026-03-09 12:08:55 | PySTA.Src.liberty_parser.liberty_parser | DEBUG | liberty_parser.py:534 | Built 7 cells for library slow
2026-03-09 12:08:55 | PySTA.Src.liberty_parser.timing_arc_extractor | DEBUG | timing_arc_extractor.py:62 | Extracting timing arcs for cell: INV_X1
2026-03-09 12:08:55 | PySTA.Src.liberty_parser.timing_arc_extractor | DEBUG | timing_arc_extractor.py:95 | Extracted 1 timing arcs for cell INV_X1
2026-03-09 12:08:55 | PySTA.Src.liberty_parser.timing_arc_extractor | DEBUG | timing_arc_extractor.py:62 | Extracting timing arcs for cell: CLKBUF_X1
2026-03-09 12:08:55 | PySTA.Src.liberty_parser.timing_arc_extractor | DEBUG | timing_arc_extractor.py:95 | Extracted 1 timing arcs for cell CLKBUF_X1
2026-03-09 12:08:55 | PySTA.Src.liberty_parser.timing_arc_extractor | DEBUG | timing_arc_extractor.py:62 | Extracting timing arcs for cell: NAND2_X1
2026-03-09 12:08:55 | PySTA.Src.liberty_parser.timing_arc_extractor | DEBUG | timing_arc_extractor.py:95 | Extracted 0 timing arcs for cell NAND2_X1
2026-03-09 12:08:55 | PySTA.Src.liberty_parser.timing_arc_extractor | DEBUG | timing_arc_extractor.py:62 | Extracting timing arcs for cell: NOR2_X1
2026-03-09 12:08:55 | PySTA.Src.liberty_parser.timing_arc_extractor | DEBUG | timing_arc_extractor.py:95 | Extracted 0 timing arcs for cell NOR2_X1
2026-03-09 12:08:55 | PySTA.Src.liberty_parser.timing_arc_extractor | DEBUG | timing_arc_extractor.py:62 | Extracting timing arcs for cell: AND2_X1
2026-03-09 12:08:55 | PySTA.Src.liberty_parser.timing_arc_extractor | DEBUG | timing_arc_extractor.py:95 | Extracted 0 timing arcs for cell AND2_X1
2026-03-09 12:08:55 | PySTA.Src.liberty_parser.timing_arc_extractor | DEBUG | timing_arc_extractor.py:62 | Extracting timing arcs for cell: MUX2_X1
2026-03-09 12:08:55 | PySTA.Src.liberty_parser.timing_arc_extractor | DEBUG | timing_arc_extractor.py:95 | Extracted 0 timing arcs for cell MUX2_X1
2026-03-09 12:08:55 | PySTA.Src.liberty_parser.timing_arc_extractor | DEBUG | timing_arc_extractor.py:62 | Extracting timing arcs for cell: DFF_X1
2026-03-09 12:08:55 | PySTA.Src.liberty_parser.timing_arc_extractor | DEBUG | timing_arc_extractor.py:95 | Extracted 3 timing arcs for cell DFF_X1
2026-03-09 12:08:55 | PySTA.Src.liberty_parser.liberty_parser | INFO | liberty_parser.py:88 | Successfully parsed 7 cells from C:/Users/CodewithKunal/Documents/slow.lib
2026-03-09 12:08:55 | PySTA.Src.liberty_parser.liberty_parser | DEBUG | liberty_parser.py:89 | Parse stats: {'cells': 7, 'pins': 9, 'timing_arcs': 5, 'errors': 0, 'warnings': 0}
2026-03-09 12:08:55 | PySTA.Src.liberty_parser.liberty_parser | WARNING | liberty_parser.py:127 | Cell 'INV_X1' already exists, renaming to 'slow__INV_X1'
2026-03-09 12:08:55 | PySTA.Src.liberty_parser.liberty_parser | WARNING | liberty_parser.py:127 | Cell 'DFF_X1' already exists, renaming to 'slow__DFF_X1'
2026-03-09 12:08:55 | PySTA.Src.liberty_parser.liberty_parser | INFO | liberty_parser.py:143 | Merged library: 9 total cells from 2 files
2026-03-09 12:08:55 | PySTA.Src.liberty_parser.liberty_parser | WARNING | liberty_parser.py:145 | Cell name conflicts resolved: 2 cells renamed
2026-03-09 12:08:55 | PySTA.Src.verilog_parser.netlist_builder | INFO | netlist_builder.py:93 | Netlist builder initialized
2026-03-09 12:08:55 | PySTA.Src.verilog_parser.verilog_parser | INFO | verilog_parser.py:60 | Parsing Verilog file: C:/Users/CodewithKunal/Documents/spi_slave_netlist.v
2026-03-09 12:08:55 | PySTA.Src.utils.file_utils | DEBUG | file_utils.py:105 | Successfully read C:/Users/CodewithKunal/Documents/spi_slave_netlist.v with utf-8 encoding
2026-03-09 12:08:55 | PySTA.Src.verilog_parser.verilog_parser | DEBUG | verilog_parser.py:304 | Parsing module: spi_slave from C:\Users\CodewithKunal\Documents\spi_slave_netlist.v
2026-03-09 12:08:55 | PySTA.Src.verilog_parser.verilog_parser | INFO | verilog_parser.py:78 | Successfully parsed modules from C:/Users/CodewithKunal/Documents/spi_slave_netlist.v
2026-03-09 12:08:55 | PySTA.Src.verilog_parser.module_resolver | INFO | module_resolver.py:103 | Building hierarchy with top module: spi_slave
2026-03-09 12:08:55 | PySTA.Src.sdc_parser.sdc_parser | INFO | sdc_parser.py:77 | Parsing SDC file: C:/Users/CodewithKunal/Documents/sdc_slave.sdc
2026-03-09 12:08:55 | PySTA.Src.utils.file_utils | DEBUG | file_utils.py:105 | Successfully read C:/Users/CodewithKunal/Documents/sdc_slave.sdc with utf-8 encoding
2026-03-09 12:08:55 | PySTA.Src.sdc_parser.sdc_parser | DEBUG | sdc_parser.py:272 | Created clock: sys_clk with period 1e-08s
2026-03-09 12:08:55 | PySTA.Src.sdc_parser.sdc_parser | DEBUG | sdc_parser.py:272 | Created clock: spi_clk with period 2e-08s
2026-03-09 12:08:55 | PySTA.Src.sdc_parser.timing_exceptions | DEBUG | timing_exceptions.py:172 | Added exception: false_path from [get_ports rst_n]
2026-03-09 12:08:55 | PySTA.Src.sdc_parser.sdc_parser | DEBUG | sdc_parser.py:538 | Added false path: from [get_ports rst_n] to []
2026-03-09 12:08:55 | PySTA.Src.sdc_parser.sdc_parser | INFO | sdc_parser.py:99 | Successfully parsed SDC file: 2 clocks, 1 exceptions
2026-03-09 12:08:55 | PySTA.Src.gui.main_window | INFO | main_window.py:1114 | Design files loaded
2026-03-09 12:08:57 | PySTA.Src.gui.file_loader_widget | INFO | file_loader_widget.py:666 | All files loaded successfully.
2026-03-09 12:08:58 | PySTA.Src.sta_engine.delay_calculator | INFO | delay_calculator.py:97 | Enhanced delay calculator initialized
2026-03-09 12:08:58 | PySTA.Src.timing_graph.timing_graph_builder | INFO | timing_graph_builder.py:69 | ============================================================
2026-03-09 12:08:58 | PySTA.Src.timing_graph.timing_graph_builder | INFO | timing_graph_builder.py:70 | Building timing graph
2026-03-09 12:08:58 | PySTA.Src.timing_graph.timing_graph_builder | INFO | timing_graph_builder.py:71 | ============================================================
2026-03-09 12:08:58 | PySTA.Src.timing_graph.timing_graph_builder | DEBUG | timing_graph_builder.py:133 | Extracting DFF constraints from library
2026-03-09 12:08:58 | PySTA.Src.timing_graph.timing_graph_builder | INFO | timing_graph_builder.py:184 | Extracted constraints from 0 DFF cells out of 2 sequential cells
2026-03-09 12:08:58 | PySTA.Src.gui.main_window | ERROR | main_window.py:171 | Analysis failed: TimingNode.__init__() got an unexpected keyword argument 'pin_name'
Traceback (most recent call last):
  File "D:\MY_Python_Projects\PD_Tool\PySTA\Src\gui\main_window.py", line 117, in run
    gb.build_graph(clk_cons, exc_mgr)
  File "D:\MY_Python_Projects\PD_Tool\PySTA\Src\timing_graph\timing_graph_builder.py", line 98, in build_graph
    self._create_nodes()
  File "D:\MY_Python_Projects\PD_Tool\PySTA\Src\timing_graph\timing_graph_builder.py", line 223, in _create_nodes
    node = TimingNode(
           ^^^^^^^^^^^
TypeError: TimingNode.__init__() got an unexpected keyword argument 'pin_name'
2026-03-09 12:09:01 | PySTA.Src.gui.main_window | ERROR | main_window.py:1138 | Analysis error: TimingNode.__init__() got an unexpected keyword argument 'pin_name'
2026-03-09 12:13:08 | PySTA.Src.gui.main_window | INFO | main_window.py:1177 | STA analysis started (setup)
2026-03-09 12:13:11 | PySTA.Src.gui.main_window | INFO | main_window.py:1280 | Application exiting
2026-03-09 12:13:11 | PySTA.__main__ | INFO | main.py:163 | Application exiting with code 0
2026-03-09 12:13:11 | PySTA.__main__ | INFO | main.py:174 | PySTA shutdown complete
2026-03-09 12:13:11 | PySTA.__main__ | INFO | main.py:182 | Cleanup completed
